[DEBUG MODE] activé
[DEBUG MODE] activé
[DEBUG MODE] activé
[DEBUG MODE] activé
[DEBUG MODE] activé
[DEBUG MODE] activé
[DEBUG MODE] activé
[DEBUG MODE] activé
[DEBUG MODE] activé
[DEBUG MODE] activé
[DEBUG MODE] activé
[DEBUG MODE] activé
[DEBUG MODE] activé
[DEBUG MODE] activé
[DEBUG MODE] activé
[DEBUG MODE] activé
[DEBUG MODE] activé
[DEBUG MODE] activé
[DEBUG MODE] activé
[DEBUG MODE] activé
[DEBUG MODE] activé
[DEBUG MODE] activé
[DEBUG MODE] activé
[DEBUG MODE] activé

[DEBUG ERROR]
Traceback (most recent call last):
  File "E:\Projetpython\inventaire.py", line 156, in effectuer_recherche
    self.filtrer_inventaire(texte)
    ^^^^^^^^^^^^^^^^^^^^^^^
AttributeError: 'FenetreInventaire' object has no attribute 'filtrer_inventaire'

[STOP]


[DEBUG ERROR]
Traceback (most recent call last):
  File "E:\Projetpython\inventaire.py", line 156, in effectuer_recherche
    self.filtrer_inventaire(texte)
    ^^^^^^^^^^^^^^^^^^^^^^^
AttributeError: 'FenetreInventaire' object has no attribute 'filtrer_inventaire'

[STOP]


[DEBUG ERROR]
Traceback (most recent call last):
  File "E:\Projetpython\inventaire.py", line 156, in effectuer_recherche
    self.filtrer_inventaire(texte)
    ^^^^^^^^^^^^^^^^^^^^^^^
AttributeError: 'FenetreInventaire' object has no attribute 'filtrer_inventaire'

[STOP]


[DEBUG ERROR]
Traceback (most recent call last):
  File "E:\Projetpython\inventaire.py", line 156, in effectuer_recherche
    self.filtrer_inventaire(texte)
    ^^^^^^^^^^^^^^^^^^^^^^^
AttributeError: 'FenetreInventaire' object has no attribute 'filtrer_inventaire'

[STOP]


[DEBUG ERROR]
Traceback (most recent call last):
  File "E:\Projetpython\inventaire.py", line 156, in effectuer_recherche
    self.filtrer_inventaire(texte)
    ^^^^^^^^^^^^^^^^^^^^^^^
AttributeError: 'FenetreInventaire' object has no attribute 'filtrer_inventaire'

[STOP]


[DEBUG ERROR]
Traceback (most recent call last):
  File "E:\Projetpython\inventaire.py", line 156, in effectuer_recherche
    self.filtrer_inventaire(texte)
    ^^^^^^^^^^^^^^^^^^^^^^^
AttributeError: 'FenetreInventaire' object has no attribute 'filtrer_inventaire'

[STOP]


[DEBUG ERROR]
Traceback (most recent call last):
  File "E:\Projetpython\inventaire.py", line 156, in effectuer_recherche
    self.filtrer_inventaire(texte)
    ^^^^^^^^^^^^^^^^^^^^^^^
AttributeError: 'FenetreInventaire' object has no attribute 'filtrer_inventaire'

[STOP]


[DEBUG ERROR]
Traceback (most recent call last):
  File "E:\Projetpython\inventaire.py", line 156, in effectuer_recherche
    self.filtrer_inventaire(texte)
    ^^^^^^^^^^^^^^^^^^^^^^^
AttributeError: 'FenetreInventaire' object has no attribute 'filtrer_inventaire'

[STOP]


[DEBUG ERROR]
Traceback (most recent call last):
  File "E:\Projetpython\inventaire.py", line 156, in effectuer_recherche
    self.filtrer_inventaire(texte)
    ^^^^^^^^^^^^^^^^^^^^^^^
AttributeError: 'FenetreInventaire' object has no attribute 'filtrer_inventaire'

[STOP]

[DEBUG MODE] activé
[DEBUG MODE] activé
[DEBUG MODE] activé
[DEBUG MODE] activé
[DEBUG MODE] activé

[DEBUG ERROR]
Traceback (most recent call last):
  File "E:\Projetpython\inventaire.py", line 631, in <lambda>
    bouton_acheter.clicked.connect(lambda _, r=row: self.acheter_objet(r))
                                                    ^^^^^^^^^^^^^^^^^^^^^
  File "E:\Projetpython\inventaire.py", line 639, in acheter_objet
    dialog = QuantiteDialog(objet["nom"], objet["prix"], self.argent_joueur, self)
             ^^^^^^^^^^^^^^^^^^^^^^^^^^^^^^^^^^^^^^^^^^^^^^^^^^^^^^^^^^^^^^^^^^^^^
  File "E:\Projetpython\inventaire.py", line 441, in __init__
    self.argent_joueur = self.inventaire["argent"]
                         ~~~~~~~~~~~~~~~^^^^^^^^^^
TypeError: 'int' object is not subscriptable

[STOP]


[DEBUG ERROR]
Traceback (most recent call last):
  File "E:\Projetpython\inventaire.py", line 631, in <lambda>
    bouton_acheter.clicked.connect(lambda _, r=row: self.acheter_objet(r))
                                                    ^^^^^^^^^^^^^^^^^^^^^
  File "E:\Projetpython\inventaire.py", line 639, in acheter_objet
    dialog = QuantiteDialog(objet["nom"], objet["prix"], self.argent_joueur, self)
             ^^^^^^^^^^^^^^^^^^^^^^^^^^^^^^^^^^^^^^^^^^^^^^^^^^^^^^^^^^^^^^^^^^^^^
  File "E:\Projetpython\inventaire.py", line 441, in __init__
    self.argent_joueur = self.inventaire["argent"]
                         ~~~~~~~~~~~~~~~^^^^^^^^^^
TypeError: 'int' object is not subscriptable

[STOP]


[DEBUG ERROR]
Traceback (most recent call last):
  File "E:\Projetpython\inventaire.py", line 631, in <lambda>
    bouton_acheter.clicked.connect(lambda _, r=row: self.acheter_objet(r))
                                                    ^^^^^^^^^^^^^^^^^^^^^
  File "E:\Projetpython\inventaire.py", line 639, in acheter_objet
    dialog = QuantiteDialog(objet["nom"], objet["prix"], self.argent_joueur, self)
             ^^^^^^^^^^^^^^^^^^^^^^^^^^^^^^^^^^^^^^^^^^^^^^^^^^^^^^^^^^^^^^^^^^^^^
  File "E:\Projetpython\inventaire.py", line 441, in __init__
    self.argent_joueur = self.inventaire["argent"]
                         ~~~~~~~~~~~~~~~^^^^^^^^^^
TypeError: 'int' object is not subscriptable

[STOP]

[DEBUG MODE] activé
[DEBUG MODE] activé
[DEBUG MODE] activé
[DEBUG MODE] activé

[DEBUG ERROR]
OverflowError: int too big to convert

[STOP]

[WARNING] RuntimeWarning: libshiboken: Overflow: Value 1000000000000000000000000000000000000000000000000007560010 exceeds limits of type  [signed] "int" (4bytes). (E:\Projetpython\inventaire.py:517)

[DEBUG ERROR]
Traceback (most recent call last):
  File "E:\Projetpython\inventaire.py", line 645, in <lambda>
    bouton_acheter.clicked.connect(lambda _, r=row: self.acheter_objet(r))
                                                    ^^^^^^^^^^^^^^^^^^^^^
  File "E:\Projetpython\inventaire.py", line 653, in acheter_objet
    dialog = QuantiteDialog(objet["nom"], objet["prix"], self.argent_joueur, self)
             ^^^^^^^^^^^^^^^^^^^^^^^^^^^^^^^^^^^^^^^^^^^^^^^^^^^^^^^^^^^^^^^^^^^^^
  File "E:\Projetpython\inventaire.py", line 517, in __init__
    self.spin_box.setMaximum(self.max_quantite)
OverflowError

[STOP]


[DEBUG ERROR]
OverflowError: int too big to convert

[STOP]


[DEBUG ERROR]
Traceback (most recent call last):
  File "E:\Projetpython\inventaire.py", line 645, in <lambda>
    bouton_acheter.clicked.connect(lambda _, r=row: self.acheter_objet(r))
                                                    ^^^^^^^^^^^^^^^^^^^^^
  File "E:\Projetpython\inventaire.py", line 653, in acheter_objet
    dialog = QuantiteDialog(objet["nom"], objet["prix"], self.argent_joueur, self)
             ^^^^^^^^^^^^^^^^^^^^^^^^^^^^^^^^^^^^^^^^^^^^^^^^^^^^^^^^^^^^^^^^^^^^^
  File "E:\Projetpython\inventaire.py", line 517, in __init__
    self.spin_box.setMaximum(self.max_quantite)
OverflowError

[STOP]


[DEBUG ERROR]
OverflowError: int too big to convert

[STOP]

[WARNING] RuntimeWarning: libshiboken: Overflow: Value 100000000000000000000000000000000000000000000000000756 exceeds limits of type  [signed] "int" (4bytes). (E:\Projetpython\inventaire.py:517)

[DEBUG ERROR]
Traceback (most recent call last):
  File "E:\Projetpython\inventaire.py", line 645, in <lambda>
    bouton_acheter.clicked.connect(lambda _, r=row: self.acheter_objet(r))
                                                    ^^^^^^^^^^^^^^^^^^^^^
  File "E:\Projetpython\inventaire.py", line 653, in acheter_objet
    dialog = QuantiteDialog(objet["nom"], objet["prix"], self.argent_joueur, self)
             ^^^^^^^^^^^^^^^^^^^^^^^^^^^^^^^^^^^^^^^^^^^^^^^^^^^^^^^^^^^^^^^^^^^^^
  File "E:\Projetpython\inventaire.py", line 517, in __init__
    self.spin_box.setMaximum(self.max_quantite)
OverflowError

[STOP]

[DEBUG MODE] activé
[DEBUG MODE] activé
[DEBUG MODE] activé
[DEBUG MODE] activé
[DEBUG MODE] activé
[DEBUG MODE] activé
[DEBUG MODE] activé
[DEBUG MODE] activé

[DEBUG ERROR]
Traceback (most recent call last):
  File "E:\Projetpython\main.py", line 821, in on_take
    elif nom in tresor.liste_muni or nom in liste_outils:
                ^^^^^^^^^^^^^^^^^
AttributeError: module 'tresor' has no attribute 'liste_muni'

[STOP]


[DEBUG ERROR]
Traceback (most recent call last):
  File "E:\Projetpython\main.py", line 821, in on_take
    elif nom in tresor.liste_muni or nom in liste_outils:
                ^^^^^^^^^^^^^^^^^
AttributeError: module 'tresor' has no attribute 'liste_muni'

[STOP]


[DEBUG ERROR]
Traceback (most recent call last):
  File "E:\Projetpython\main.py", line 821, in on_take
    elif nom in tresor.liste_muni or nom in liste_outils:
                ^^^^^^^^^^^^^^^^^
AttributeError: module 'tresor' has no attribute 'liste_muni'

[STOP]


[DEBUG ERROR]
Traceback (most recent call last):
  File "E:\Projetpython\main.py", line 821, in on_take
    elif nom in tresor.liste_muni or nom in liste_outils:
                ^^^^^^^^^^^^^^^^^
AttributeError: module 'tresor' has no attribute 'liste_muni'

[STOP]


[DEBUG ERROR]
Traceback (most recent call last):
  File "E:\Projetpython\main.py", line 821, in on_take
    elif nom in tresor.liste_muni or nom in liste_outils:
                ^^^^^^^^^^^^^^^^^
AttributeError: module 'tresor' has no attribute 'liste_muni'

[STOP]

[DEBUG MODE] activé
[DEBUG MODE] activé

[DEBUG ERROR]
Traceback (most recent call last):
  File "E:\Projetpython\inventaire.py", line 131, in <lambda>
    lambda _, r=row, n=nom: self.vendre_objet(r, n)
                            ^^^^^^^^^^^^^^^^^^^^^^^
  File "E:\Projetpython\inventaire.py", line 156, in vendre_objet
    if objet.lower()=="gemmes":
       ^^^^^^^^^^^
AttributeError: 'Objet' object has no attribute 'lower'

[STOP]

[DEBUG MODE] activé
[DEBUG MODE] activé
[DEBUG MODE] activé
[DEBUG MODE] activé
[DEBUG MODE] activé
[DEBUG MODE] activé
[DEBUG MODE] activé
[DEBUG MODE] activé
[DEBUG MODE] activé
[DEBUG MODE] activé
[DEBUG MODE] activé
[DEBUG MODE] activé
[DEBUG MODE] activé
[DEBUG MODE] activé
[DEBUG MODE] activé
[DEBUG MODE] activé
[DEBUG MODE] activé
[DEBUG MODE] activé
[DEBUG MODE] activé
[DEBUG MODE] activé

[DEBUG ERROR]
Traceback (most recent call last):
  File "E:\Projetpython\admin_manager.py", line 83, in executer
    self.executer_commande(cmd[1:])
  File "E:\Projetpython\admin_manager.py", line 31, in wrapper
    return func(*args, **kwargs)
           ^^^^^^^^^^^^^^^^^^^^^
  File "E:\Projetpython\admin_manager.py", line 114, in executer_commande
    self._cmd_give(parts[1:])
  File "E:\Projetpython\admin_manager.py", line 152, in _cmd_give
    for obj in objets.keys():
               ^^^^^^^^^^^
AttributeError: 'list' object has no attribute 'keys'

[STOP]

[DEBUG MODE] activé

[DEBUG ERROR]
Traceback (most recent call last):
  File "E:\Projetpython\admin_manager.py", line 83, in executer
    self.executer_commande(cmd[1:])
  File "E:\Projetpython\admin_manager.py", line 31, in wrapper
    return func(*args, **kwargs)
           ^^^^^^^^^^^^^^^^^^^^^
  File "E:\Projetpython\admin_manager.py", line 114, in executer_commande
    self._cmd_give(parts[1:])
  File "E:\Projetpython\admin_manager.py", line 152, in _cmd_give
    for obj in objets.items():
               ^^^^^^^^^^^^
AttributeError: 'list' object has no attribute 'items'

[STOP]

[DEBUG MODE] activé

[DEBUG ERROR]
Traceback (most recent call last):
  File "E:\Projetpython\admin_manager.py", line 83, in executer
    self.executer_commande(cmd[1:])
  File "E:\Projetpython\admin_manager.py", line 31, in wrapper
    return func(*args, **kwargs)
           ^^^^^^^^^^^^^^^^^^^^^
  File "E:\Projetpython\admin_manager.py", line 114, in executer_commande
    self._cmd_give(parts[1:])
  File "E:\Projetpython\admin_manager.py", line 161, in _cmd_give
    for obj in objets.items():
               ^^^^^^^^^^^^
AttributeError: 'list' object has no attribute 'items'

[STOP]

[DEBUG MODE] activé
[DEBUG MODE] activé
[DEBUG MODE] activé
[DEBUG MODE] activé
[DEBUG MODE] activé

[DEBUG ERROR]
Traceback (most recent call last):
  File "E:\Projetpython\admin_manager.py", line 85, in executer
    self.executer_commande(cmd[1:])
  File "E:\Projetpython\admin_manager.py", line 33, in wrapper
    return func(*args, **kwargs)
           ^^^^^^^^^^^^^^^^^^^^^
  File "E:\Projetpython\admin_manager.py", line 116, in executer_commande
    self._cmd_give(parts[1:])
  File "E:\Projetpython\admin_manager.py", line 161, in _cmd_give
    if not nom_objet in enumerate(objets.get("nom", "")):
                                  ^^^^^^^^^^
AttributeError: 'list' object has no attribute 'get'

[STOP]

[DEBUG MODE] activé

[DEBUG ERROR]
Traceback (most recent call last):
  File "E:\Projetpython\admin_manager.py", line 85, in executer
    self.executer_commande(cmd[1:])
  File "E:\Projetpython\admin_manager.py", line 33, in wrapper
    return func(*args, **kwargs)
           ^^^^^^^^^^^^^^^^^^^^^
  File "E:\Projetpython\admin_manager.py", line 116, in executer_commande
    self._cmd_give(parts[1:])
  File "E:\Projetpython\admin_manager.py", line 162, in _cmd_give
    if not nom_objet in enumerate(self.liste_objets):
                                  ^^^^^^^^^^^^^^^^^
AttributeError: 'ConsoleAdmin' object has no attribute 'liste_objets'

[STOP]

[DEBUG MODE] activé
[DEBUG MODE] activé
[DEBUG MODE] activé
[DEBUG MODE] activé
[DEBUG MODE] activé
[DEBUG MODE] activé
[DEBUG MODE] activé
[DEBUG MODE] activé

[DEBUG ERROR]
Traceback (most recent call last):
  File "E:\Projetpython\main.py", line 969, in mettre_a_jour_horloge
    self.etiquette_horloge.setText(f"⏰ Temps du jeu: {heure_formatee}")
RuntimeError: Internal C++ object (PySide6.QtWidgets.QLabel) already deleted.

[STOP]


[DEBUG ERROR]
Traceback (most recent call last):
  File "E:\Projetpython\main.py", line 969, in mettre_a_jour_horloge
    self.etiquette_horloge.setText(f"⏰ Temps du jeu: {heure_formatee}")
RuntimeError: Internal C++ object (PySide6.QtWidgets.QLabel) already deleted.

[STOP]


[DEBUG ERROR]
Traceback (most recent call last):
  File "E:\Projetpython\main.py", line 969, in mettre_a_jour_horloge
    self.etiquette_horloge.setText(f"⏰ Temps du jeu: {heure_formatee}")
RuntimeError: Internal C++ object (PySide6.QtWidgets.QLabel) already deleted.

[STOP]


[DEBUG ERROR]
Traceback (most recent call last):
  File "E:\Projetpython\main.py", line 969, in mettre_a_jour_horloge
    self.etiquette_horloge.setText(f"⏰ Temps du jeu: {heure_formatee}")
RuntimeError: Internal C++ object (PySide6.QtWidgets.QLabel) already deleted.

[STOP]


[DEBUG ERROR]
Traceback (most recent call last):
  File "E:\Projetpython\main.py", line 969, in mettre_a_jour_horloge
    self.etiquette_horloge.setText(f"⏰ Temps du jeu: {heure_formatee}")
RuntimeError: Internal C++ object (PySide6.QtWidgets.QLabel) already deleted.

[STOP]


[DEBUG ERROR]
Traceback (most recent call last):
  File "E:\Projetpython\main.py", line 969, in mettre_a_jour_horloge
    self.etiquette_horloge.setText(f"⏰ Temps du jeu: {heure_formatee}")
RuntimeError: Internal C++ object (PySide6.QtWidgets.QLabel) already deleted.

[STOP]


[DEBUG ERROR]
Traceback (most recent call last):
  File "E:\Projetpython\main.py", line 969, in mettre_a_jour_horloge
    self.etiquette_horloge.setText(f"⏰ Temps du jeu: {heure_formatee}")
RuntimeError: Internal C++ object (PySide6.QtWidgets.QLabel) already deleted.

[STOP]


[DEBUG ERROR]
Traceback (most recent call last):
  File "E:\Projetpython\main.py", line 969, in mettre_a_jour_horloge
    self.etiquette_horloge.setText(f"⏰ Temps du jeu: {heure_formatee}")
RuntimeError: Internal C++ object (PySide6.QtWidgets.QLabel) already deleted.

[STOP]


[DEBUG ERROR]
Traceback (most recent call last):
  File "E:\Projetpython\main.py", line 969, in mettre_a_jour_horloge
    self.etiquette_horloge.setText(f"⏰ Temps du jeu: {heure_formatee}")
RuntimeError: Internal C++ object (PySide6.QtWidgets.QLabel) already deleted.

[STOP]


[DEBUG ERROR]
Traceback (most recent call last):
  File "E:\Projetpython\main.py", line 969, in mettre_a_jour_horloge
    self.etiquette_horloge.setText(f"⏰ Temps du jeu: {heure_formatee}")
RuntimeError: Internal C++ object (PySide6.QtWidgets.QLabel) already deleted.

[STOP]


[DEBUG ERROR]
Traceback (most recent call last):
  File "E:\Projetpython\main.py", line 969, in mettre_a_jour_horloge
    self.etiquette_horloge.setText(f"⏰ Temps du jeu: {heure_formatee}")
RuntimeError: Internal C++ object (PySide6.QtWidgets.QLabel) already deleted.

[STOP]


[DEBUG ERROR]
Traceback (most recent call last):
  File "E:\Projetpython\main.py", line 969, in mettre_a_jour_horloge
    self.etiquette_horloge.setText(f"⏰ Temps du jeu: {heure_formatee}")
RuntimeError: Internal C++ object (PySide6.QtWidgets.QLabel) already deleted.

[STOP]


[DEBUG ERROR]
Traceback (most recent call last):
  File "E:\Projetpython\main.py", line 969, in mettre_a_jour_horloge
    self.etiquette_horloge.setText(f"⏰ Temps du jeu: {heure_formatee}")
RuntimeError: Internal C++ object (PySide6.QtWidgets.QLabel) already deleted.

[STOP]


[DEBUG ERROR]
Traceback (most recent call last):
  File "E:\Projetpython\main.py", line 969, in mettre_a_jour_horloge
    self.etiquette_horloge.setText(f"⏰ Temps du jeu: {heure_formatee}")
RuntimeError: Internal C++ object (PySide6.QtWidgets.QLabel) already deleted.

[STOP]


[DEBUG ERROR]
Traceback (most recent call last):
  File "E:\Projetpython\main.py", line 969, in mettre_a_jour_horloge
    self.etiquette_horloge.setText(f"⏰ Temps du jeu: {heure_formatee}")
RuntimeError: Internal C++ object (PySide6.QtWidgets.QLabel) already deleted.

[STOP]


[DEBUG ERROR]
Traceback (most recent call last):
  File "E:\Projetpython\main.py", line 969, in mettre_a_jour_horloge
    self.etiquette_horloge.setText(f"⏰ Temps du jeu: {heure_formatee}")
RuntimeError: Internal C++ object (PySide6.QtWidgets.QLabel) already deleted.

[STOP]


[DEBUG ERROR]
Traceback (most recent call last):
  File "E:\Projetpython\main.py", line 969, in mettre_a_jour_horloge
    self.etiquette_horloge.setText(f"⏰ Temps du jeu: {heure_formatee}")
RuntimeError: Internal C++ object (PySide6.QtWidgets.QLabel) already deleted.

[STOP]


[DEBUG ERROR]
Traceback (most recent call last):
  File "E:\Projetpython\main.py", line 969, in mettre_a_jour_horloge
    self.etiquette_horloge.setText(f"⏰ Temps du jeu: {heure_formatee}")
RuntimeError: Internal C++ object (PySide6.QtWidgets.QLabel) already deleted.

[STOP]


[DEBUG ERROR]
Traceback (most recent call last):
  File "E:\Projetpython\main.py", line 969, in mettre_a_jour_horloge
    self.etiquette_horloge.setText(f"⏰ Temps du jeu: {heure_formatee}")
RuntimeError: Internal C++ object (PySide6.QtWidgets.QLabel) already deleted.

[STOP]


[DEBUG ERROR]
Traceback (most recent call last):
  File "E:\Projetpython\main.py", line 969, in mettre_a_jour_horloge
    self.etiquette_horloge.setText(f"⏰ Temps du jeu: {heure_formatee}")
RuntimeError: Internal C++ object (PySide6.QtWidgets.QLabel) already deleted.

[STOP]


[DEBUG ERROR]
Traceback (most recent call last):
  File "E:\Projetpython\main.py", line 969, in mettre_a_jour_horloge
    self.etiquette_horloge.setText(f"⏰ Temps du jeu: {heure_formatee}")
RuntimeError: Internal C++ object (PySide6.QtWidgets.QLabel) already deleted.

[STOP]


[DEBUG ERROR]
Traceback (most recent call last):
  File "E:\Projetpython\main.py", line 969, in mettre_a_jour_horloge
    self.etiquette_horloge.setText(f"⏰ Temps du jeu: {heure_formatee}")
RuntimeError: Internal C++ object (PySide6.QtWidgets.QLabel) already deleted.

[STOP]


[DEBUG ERROR]
Traceback (most recent call last):
  File "E:\Projetpython\main.py", line 969, in mettre_a_jour_horloge
    self.etiquette_horloge.setText(f"⏰ Temps du jeu: {heure_formatee}")
RuntimeError: Internal C++ object (PySide6.QtWidgets.QLabel) already deleted.

[STOP]


[DEBUG ERROR]
Traceback (most recent call last):
  File "E:\Projetpython\main.py", line 969, in mettre_a_jour_horloge
    self.etiquette_horloge.setText(f"⏰ Temps du jeu: {heure_formatee}")
RuntimeError: Internal C++ object (PySide6.QtWidgets.QLabel) already deleted.

[STOP]


[DEBUG ERROR]
Traceback (most recent call last):
  File "E:\Projetpython\main.py", line 969, in mettre_a_jour_horloge
    self.etiquette_horloge.setText(f"⏰ Temps du jeu: {heure_formatee}")
RuntimeError: Internal C++ object (PySide6.QtWidgets.QLabel) already deleted.

[STOP]


[DEBUG ERROR]
Traceback (most recent call last):
  File "E:\Projetpython\main.py", line 969, in mettre_a_jour_horloge
    self.etiquette_horloge.setText(f"⏰ Temps du jeu: {heure_formatee}")
RuntimeError: Internal C++ object (PySide6.QtWidgets.QLabel) already deleted.

[STOP]


[DEBUG ERROR]
Traceback (most recent call last):
  File "E:\Projetpython\main.py", line 969, in mettre_a_jour_horloge
    self.etiquette_horloge.setText(f"⏰ Temps du jeu: {heure_formatee}")
RuntimeError: Internal C++ object (PySide6.QtWidgets.QLabel) already deleted.

[STOP]

[DEBUG MODE] activé
[DEBUG MODE] activé

[DEBUG ERROR]
Traceback (most recent call last):
  File "E:\Projetpython\main.py", line 968, in mettre_a_jour_horloge
    def mettre_a_jour_horloge(self):
    
KeyboardInterrupt

[STOP]

[DEBUG MODE] activé
[DEBUG MODE] activé
[DEBUG MODE] activé

[DEBUG ERROR]
Traceback (most recent call last):
  File "E:\Projetpython\main.py", line 1115, in closeEvent
    self.Joueur.autosave.stop()
    ^^^^^^^^^^^
AttributeError: 'MainFrame' object has no attribute 'Joueur'

[STOP]

[DEBUG MODE] activé
[DEBUG MODE] activé
[DEBUG MODE] activé
[DEBUG MODE] activé
[DEBUG MODE] activé
[DEBUG MODE] activé
[DEBUG MODE] activé
[DEBUG MODE] activé
[DEBUG MODE] activé
[DEBUG MODE] activé
[DEBUG MODE] activé
[DEBUG MODE] activé
[DEBUG MODE] activé
[DEBUG MODE] activé
[DEBUG MODE] activé
[DEBUG MODE] activé
[DEBUG MODE] activé
[DEBUG MODE] activé

[DEBUG ERROR]
Traceback (most recent call last):
  File "E:\Projetpython\inventaire.py", line 906, in investir
    argent_disponible = qtes("argent", self.inventaire)
                        ^^^^^^^^^^^^^^^^^^^^^^^^^^^^^^^
  File "E:\Projetpython\inventaire.py", line 24, in qtes
    if nom not in joueur.stuff:
                  ^^^^^^^^^^^^
AttributeError: 'dict' object has no attribute 'stuff'

[STOP]


[DEBUG ERROR]
Traceback (most recent call last):
  File "E:\Projetpython\inventaire.py", line 906, in investir
    argent_disponible = qtes("argent", self.inventaire)
                        ^^^^^^^^^^^^^^^^^^^^^^^^^^^^^^^
  File "E:\Projetpython\inventaire.py", line 24, in qtes
    if nom not in joueur.stuff:
                  ^^^^^^^^^^^^
AttributeError: 'dict' object has no attribute 'stuff'

[STOP]


[DEBUG ERROR]
Traceback (most recent call last):
  File "E:\Projetpython\inventaire.py", line 906, in investir
    argent_disponible = qtes("argent", self.inventaire)
                        ^^^^^^^^^^^^^^^^^^^^^^^^^^^^^^^
  File "E:\Projetpython\inventaire.py", line 24, in qtes
    if nom not in joueur.stuff:
                  ^^^^^^^^^^^^
AttributeError: 'dict' object has no attribute 'stuff'

[STOP]


[DEBUG ERROR]
Traceback (most recent call last):
  File "E:\Projetpython\inventaire.py", line 906, in investir
    argent_disponible = qtes("argent", self.inventaire)
                        ^^^^^^^^^^^^^^^^^^^^^^^^^^^^^^^
  File "E:\Projetpython\inventaire.py", line 24, in qtes
    if nom not in joueur.stuff:
                  ^^^^^^^^^^^^
AttributeError: 'dict' object has no attribute 'stuff'

[STOP]

[DEBUG MODE] activé

[DEBUG ERROR]
Traceback (most recent call last):
  File "E:\Projetpython\inventaire.py", line 906, in investir
    argent_disponible = qtes("argent", self.joueur)
                        ^^^^^^^^^^^^^^^^^^^^^^^^^^^
  File "E:\Projetpython\inventaire.py", line 24, in qtes
    if nom not in joueur.stuff:
                  ^^^^^^^^^^^^
AttributeError: 'dict' object has no attribute 'stuff'

[STOP]

[DEBUG MODE] activé
[DEBUG MODE] activé
[DEBUG MODE] activé
[DEBUG MODE] activé
[DEBUG MODE] activé
[DEBUG MODE] activé
[DEBUG MODE] activé
[DEBUG MODE] activé
[DEBUG MODE] activé
[DEBUG MODE] activé
[DEBUG MODE] activé

[DEBUG ERROR]
Traceback (most recent call last):
  File "E:\Projetpython\inventaire.py", line 940, in investir
    self.investissements["capital"] = capital
    ~~~~~~~~~~~~~~~~~~~~^^^^^^^^^^^
TypeError: 'int' object does not support item assignment

[STOP]

[DEBUG MODE] activé
[DEBUG MODE] activé
[DEBUG MODE] activé
[DEBUG MODE] activé

[DEBUG ERROR]
Traceback (most recent call last):
  File "E:\Projetpython\inventaire.py", line 916, in rembourser
    self.sauvegarder_etat_banque()
TypeError: FenetreBanque.sauvegarder_etat_banque() missing 1 required positional argument: 'joueur'

[STOP]


[DEBUG ERROR]
Traceback (most recent call last):
  File "E:\Projetpython\inventaire.py", line 916, in rembourser
    self.sauvegarder_etat_banque()
TypeError: FenetreBanque.sauvegarder_etat_banque() missing 1 required positional argument: 'joueur'

[STOP]

[DEBUG MODE] activé

[DEBUG ERROR]
Traceback (most recent call last):
  File "E:\Projetpython\main.py", line 1153, in closeEvent
    self.horloge.arreter()
  File "E:\Projetpython\horloge.py", line 54, in arreter
    self.sauvegarder_dans_json()  # Sauvegarder une dernière fois avant de quitter
    ^^^^^^^^^^^^^^^^^^^^^^^^^^^^
  File "E:\Projetpython\horloge.py", line 154, in sauvegarder_dans_json
    data[self.joueur.nom+":"+str(self.id)] = {
         ^^^^^^^^^^^
AttributeError: 'HorlogeJeu' object has no attribute 'joueur'

[STOP]

[DEBUG MODE] activé

[DEBUG ERROR]
Traceback (most recent call last):
  File "E:\Projetpython\main.py", line 1153, in closeEvent
    self.horloge.arreter()
  File "E:\Projetpython\horloge.py", line 54, in arreter
    self.sauvegarder_dans_json()  # Sauvegarder une dernière fois avant de quitter
    ^^^^^^^^^^^^^^^^^^^^^^^^^^^^
  File "E:\Projetpython\horloge.py", line 154, in sauvegarder_dans_json
    data[self.joueur.nom+":"+str(self.id)] = {
         ^^^^^^^^^^^
AttributeError: 'HorlogeJeu' object has no attribute 'joueur'

[STOP]

[DEBUG MODE] activé
[DEBUG MODE] activé
[DEBUG MODE] activé

[DEBUG ERROR]
Traceback (most recent call last):
  File "E:\Projetpython\main.py", line 979, in mettre_a_jour_horloge
    def mettre_a_jour_horloge(self):
    
KeyboardInterrupt

[STOP]

[DEBUG MODE] activé
[DEBUG MODE] activé
[DEBUG MODE] activé

[DEBUG ERROR]
Traceback (most recent call last):
  File "E:\Projetpython\main.py", line 978, in mettre_a_jour_horloge
    def mettre_a_jour_horloge(self):
    
KeyboardInterrupt

[STOP]

[DEBUG MODE] activé
[DEBUG MODE] activé
[DEBUG MODE] activé
[DEBUG MODE] activé

[DEBUG ERROR]
Traceback (most recent call last):
  File "E:\Projetpython\main.py", line 979, in mettre_a_jour_horloge
    def mettre_a_jour_horloge(self):
    
KeyboardInterrupt

[STOP]

[DEBUG MODE] activé

[DEBUG ERROR]
Traceback (most recent call last):
  File "E:\Projetpython\main.py", line 980, in mettre_a_jour_horloge
    def mettre_a_jour_horloge(self):
    
KeyboardInterrupt

[STOP]

[DEBUG MODE] activé

[DEBUG ERROR]
Traceback (most recent call last):
  File "E:\Projetpython\main.py", line 980, in mettre_a_jour_horloge
    def mettre_a_jour_horloge(self):
    
KeyboardInterrupt

[STOP]

[DEBUG MODE] activé
[DEBUG MODE] activé
[DEBUG MODE] activé
[DEBUG MODE] activé
[DEBUG MODE] activé
[DEBUG MODE] activé

[DEBUG ERROR]
Traceback (most recent call last):
  File "E:\Projetpython\main.py", line 1174, in <module>
    finally:
        ^^^^^
TypeError: HorlogeJeu.arreter() missing 1 required positional argument: 'self'

[STOP]

[DEBUG MODE] activé
[DEBUG MODE] activé
[DEBUG MODE] activé
[DEBUG MODE] activé
[DEBUG MODE] activé
[DEBUG MODE] activé
[DEBUG MODE] activé
[DEBUG MODE] activé
[DEBUG MODE] activé
[DEBUG MODE] activé
[DEBUG MODE] activé
[DEBUG MODE] activé
[DEBUG MODE] activé
[DEBUG MODE] activé
[DEBUG MODE] activé

[DEBUG ERROR]
Traceback (most recent call last):
  File "E:\Projetpython\main.py", line 990, in mettre_a_jour_horloge
    def mettre_a_jour_horloge(self):
    
KeyboardInterrupt

[STOP]

[DEBUG MODE] activé

[DEBUG ERROR]
Traceback (most recent call last):
  File "E:\Projetpython\main.py", line 990, in mettre_a_jour_horloge
    def mettre_a_jour_horloge(self):
    
KeyboardInterrupt

[STOP]

[DEBUG MODE] activé

[DEBUG ERROR]
Traceback (most recent call last):
  File "E:\Projetpython\main.py", line 990, in mettre_a_jour_horloge
    def mettre_a_jour_horloge(self):
    
KeyboardInterrupt

[STOP]

[DEBUG MODE] activé
[DEBUG MODE] activé
[DEBUG MODE] activé
[DEBUG MODE] activé
[DEBUG MODE] activé
[DEBUG MODE] activé
[DEBUG MODE] activé
[DEBUG MODE] activé
[DEBUG MODE] activé
[DEBUG MODE] activé
[DEBUG MODE] activé
[DEBUG MODE] activé
[DEBUG MODE] activé
[DEBUG MODE] activé
[DEBUG MODE] activé
[DEBUG MODE] activé
[DEBUG MODE] activé
[DEBUG MODE] activé
[DEBUG MODE] activé
[DEBUG MODE] activé
[DEBUG MODE] activé
[DEBUG MODE] activé
[DEBUG MODE] activé
[DEBUG MODE] activé
[DEBUG MODE] activé
[DEBUG MODE] activé

[DEBUG ERROR]
Traceback (most recent call last):
  File "E:\Projetpython\main.py", line 996, in mettre_a_jour_horloge
    def mettre_a_jour_horloge(self):
    
KeyboardInterrupt

[STOP]

[DEBUG MODE] activé

[DEBUG ERROR]
Traceback (most recent call last):
  File "E:\Projetpython\main.py", line 996, in mettre_a_jour_horloge
    def mettre_a_jour_horloge(self):
    
KeyboardInterrupt

[STOP]

[DEBUG MODE] activé
[DEBUG MODE] activé
[DEBUG MODE] activé
