2026-02-14 21:43:17.903714 -  Le fichier debug.log n'existe pas.
2026-02-14 21:43:17.913699 -  Le fichier gestionnaire de fichiers.py n'existe pas.
2026-02-14 21:43:17.918172 -  Le fichier gestionnaire de fichiers.py n'existe pas.
2026-02-14 21:44:08.370906 -  Le fichier debug.log n'existe pas.
2026-02-14 21:44:08.378919 -  Le fichier gestionnaire de fichiers.py n'existe pas.
2026-02-14 21:44:08.383355 -  Le fichier gestionnaire de fichiers.py n'existe pas.
2026-02-14 21:52:12.902557 -  Le fichier debug.log n'existe pas.
2026-02-14 21:52:12.912710 -  Le fichier gestionnaire de fichiers.py n'existe pas.
2026-02-14 21:52:12.917336 -  Le fichier gestionnaire de fichiers.py n'existe pas.
2026-02-14 21:53:02.032274 -  Le fichier debug.log n'existe pas.
2026-02-14 21:53:02.041238 -  Le fichier gestionnaire de fichiers.py n'existe pas.
2026-02-14 21:53:02.045536 -  Le fichier gestionnaire de fichiers.py n'existe pas.
2026-02-14 21:53:34.132656 -  Le fichier debug.log n'existe pas.
2026-02-14 21:53:34.140887 -  Le fichier inventaire_jeu.xlsx n'existe pas.
2026-02-14 21:53:34.145188 -  Le fichier gestionnaire de fichiers.py n'existe pas.
2026-02-14 21:53:34.149314 -  Le fichier gestionnaire de fichiers.py n'existe pas.
2026-02-14 21:54:08.656598 -  Le fichier debug.log n'existe pas.
2026-02-14 21:54:08.666250 -  Le fichier inventaire_jeu.xlsx n'existe pas.
2026-02-14 21:54:08.670908 -  Le fichier gestionnaire de fichiers.py n'existe pas.
2026-02-14 21:54:08.675170 -  Le fichier gestionnaire de fichiers.py n'existe pas.
2026-02-15 15:23:26.063744 -  Le fichier debug.log n'existe pas.
2026-02-15 15:23:26.069697 -  Le fichier inventaire_jeu.xlsx n'existe pas.
2026-02-15 15:23:26.074909 -  Le fichier gestionnaire de fichiers.py n'existe pas.
2026-02-15 15:23:26.077444 -  Le fichier gestionnaire de fichiers.py n'existe pas.
2026-02-15 15:23:26.081810 - Le dossier .venv n'existe pas ou n'est pas un dossier.
2026-02-15 15:23:26.086144 - Le dossier .idea n'existe pas ou n'est pas un dossier.
2026-02-15 15:23:26.090707 - Le dossier .pytest_cache n'existe pas ou n'est pas un dossier.
2026-02-15 15:27:18.560548 -  Le fichier debug.log n'existe pas.
2026-02-15 15:27:18.571925 -  Le fichier inventaire_jeu.xlsx n'existe pas.
2026-02-15 15:27:18.574927 -  Le fichier gestionnaire de fichiers.py n'existe pas.
2026-02-15 15:27:18.578331 -  Le fichier gestionnaire de fichiers.py n'existe pas.
2026-02-15 15:27:18.583263 - Le dossier .venv n'existe pas ou n'est pas un dossier.
2026-02-15 15:27:18.585456 - Le dossier .idea n'existe pas ou n'est pas un dossier.
2026-02-15 15:27:18.589768 - Le dossier .pytest_cache n'existe pas ou n'est pas un dossier.
2026-02-15 15:28:44.566885 -  Le fichier debug.log n'existe pas.
2026-02-15 15:28:44.572400 -  Le fichier inventaire_jeu.xlsx n'existe pas.
2026-02-15 15:28:44.575080 -  Le fichier gestionnaire de fichiers.py n'existe pas.
2026-02-15 15:28:44.578587 -  Le fichier gestionnaire de fichiers.py n'existe pas.
2026-02-15 15:28:44.582597 - Le dossier .venv n'existe pas ou n'est pas un dossier.
2026-02-15 15:28:44.586729 - Le dossier .idea n'existe pas ou n'est pas un dossier.
2026-02-15 15:28:44.590270 - Le dossier .pytest_cache n'existe pas ou n'est pas un dossier.
2026-02-15 15:31:01.680102 -  Le fichier debug.log n'existe pas.
2026-02-15 15:31:01.684099 -  Le fichier inventaire_jeu.xlsx n'existe pas.
2026-02-15 15:31:01.686274 -  Le fichier gestionnaire de fichiers.py n'existe pas.
2026-02-15 15:31:01.691032 -  Le fichier gestionnaire de fichiers.py n'existe pas.
2026-02-15 15:31:01.695049 - Le dossier .venv n'existe pas ou n'est pas un dossier.
2026-02-15 15:31:01.698750 - Le dossier .idea n'existe pas ou n'est pas un dossier.
2026-02-15 15:31:01.701750 - Le dossier .pytest_cache n'existe pas ou n'est pas un dossier.
2026-02-15 15:33:51.596619 -  Le fichier debug.log n'existe pas.
2026-02-15 15:33:51.600144 -  Le fichier inventaire_jeu.xlsx n'existe pas.
2026-02-15 15:33:51.604688 -  Le fichier gestionnaire de fichiers.py n'existe pas.
2026-02-15 15:33:51.607495 -  Le fichier gestionnaire de fichiers.py n'existe pas.
2026-02-15 15:33:51.612694 - Le dossier .venv n'existe pas ou n'est pas un dossier.
2026-02-15 15:33:51.615694 - Le dossier .idea n'existe pas ou n'est pas un dossier.
2026-02-15 15:33:51.620201 - Le dossier .pytest_cache n'existe pas ou n'est pas un dossier.
2026-02-15 15:35:05.253261 -  Le fichier debug.log n'existe pas.
2026-02-15 15:35:05.290730 -  Le fichier inventaire_jeu.xlsx n'existe pas.
2026-02-15 15:35:05.295728 -  Le fichier gestionnaire de fichiers.py n'existe pas.
2026-02-15 15:35:05.298286 -  Le fichier gestionnaire de fichiers.py n'existe pas.
2026-02-15 15:35:05.302822 - Le dossier .venv n'existe pas ou n'est pas un dossier.
2026-02-15 15:35:05.305822 - Le dossier .idea n'existe pas ou n'est pas un dossier.
2026-02-15 15:35:05.309822 - Le dossier .pytest_cache n'existe pas ou n'est pas un dossier.
2026-02-15 15:40:57.196012 -  Le fichier debug.log n'existe pas.
2026-02-15 15:40:57.199501 -  Le fichier inventaire_jeu.xlsx n'existe pas.
2026-02-15 15:40:57.203520 -  Le fichier gestionnaire de fichiers.py n'existe pas.
2026-02-15 15:40:57.206509 -  Le fichier gestionnaire de fichiers.py n'existe pas.
2026-02-15 15:40:57.209510 - Le dossier .venv n'existe pas ou n'est pas un dossier.
2026-02-15 15:40:57.212855 - Le dossier .idea n'existe pas ou n'est pas un dossier.
2026-02-15 15:40:57.215858 - Le dossier .pytest_cache n'existe pas ou n'est pas un dossier.
2026-02-15 15:43:50.520953 -  Le fichier debug.log n'existe pas.
2026-02-15 15:43:50.526344 -  Le fichier inventaire_jeu.xlsx n'existe pas.
2026-02-15 15:43:50.529827 -  Le fichier gestionnaire de fichiers.py n'existe pas.
2026-02-15 15:43:50.532845 -  Le fichier gestionnaire de fichiers.py n'existe pas.
2026-02-15 15:43:50.535830 - Le dossier .venv n'existe pas ou n'est pas un dossier.
2026-02-15 15:43:50.538950 - Le dossier .idea n'existe pas ou n'est pas un dossier.
2026-02-15 15:43:50.541866 - Le dossier .pytest_cache n'existe pas ou n'est pas un dossier.
2026-02-15 15:50:18.019697 -  Le fichier debug.log n'existe pas.
2026-02-15 15:50:18.025992 -  Le fichier inventaire_jeu.xlsx n'existe pas.
2026-02-15 15:50:18.029119 -  Le fichier gestionnaire de fichiers.py n'existe pas.
2026-02-15 15:50:18.032622 -  Le fichier gestionnaire de fichiers.py n'existe pas.
2026-02-15 15:50:18.036135 - Le dossier .venv n'existe pas ou n'est pas un dossier.
2026-02-15 15:50:18.038930 - Le dossier .idea n'existe pas ou n'est pas un dossier.
2026-02-15 15:50:18.043466 - Le dossier .pytest_cache n'existe pas ou n'est pas un dossier.
2026-02-15 15:58:28.318008 -  Le fichier debug.log n'existe pas.
2026-02-15 15:58:28.431367 -  Le fichier inventaire_jeu.xlsx n'existe pas.
2026-02-15 15:58:28.433126 -  Le fichier gestionnaire de fichiers.py n'existe pas.
2026-02-15 15:58:28.433126 -  Le fichier gestionnaire de fichiers.py n'existe pas.
2026-02-15 15:58:28.441141 - Le dossier .venv n'existe pas ou n'est pas un dossier.
2026-02-15 15:58:28.449403 - Le dossier .idea n'existe pas ou n'est pas un dossier.
2026-02-15 15:58:28.451071 - Le dossier .pytest_cache n'existe pas ou n'est pas un dossier.
2026-02-15 16:01:02.989013 -  Le fichier debug.log n'existe pas.
2026-02-15 16:01:02.989013 -  Le fichier inventaire_jeu.xlsx n'existe pas.
2026-02-15 16:01:02.989013 -  Le fichier gestionnaire de fichiers.py n'existe pas.
2026-02-15 16:01:03.005193 -  Le fichier gestionnaire de fichiers.py n'existe pas.
2026-02-15 16:01:03.005193 - Le dossier .venv n'existe pas ou n'est pas un dossier.
2026-02-15 16:01:03.005193 - Le dossier .idea n'existe pas ou n'est pas un dossier.
2026-02-15 16:01:03.018693 - Le dossier .pytest_cache n'existe pas ou n'est pas un dossier.
2026-02-15 16:01:57.486639 -  Le fichier debug.log n'existe pas.
2026-02-15 16:01:57.494914 -  Le fichier inventaire_jeu.xlsx n'existe pas.
2026-02-15 16:01:57.494914 -  Le fichier gestionnaire de fichiers.py n'existe pas.
2026-02-15 16:01:57.502216 -  Le fichier gestionnaire de fichiers.py n'existe pas.
2026-02-15 16:01:57.504862 - Le dossier .venv n'existe pas ou n'est pas un dossier.
2026-02-15 16:01:57.514867 - Le dossier .idea n'existe pas ou n'est pas un dossier.
2026-02-15 16:01:57.518528 - Le dossier .pytest_cache n'existe pas ou n'est pas un dossier.
2026-02-15 16:02:14.574685 -  Le fichier debug.log n'existe pas.
2026-02-15 16:02:14.584779 -  Le fichier inventaire_jeu.xlsx n'existe pas.
2026-02-15 16:02:14.584779 -  Le fichier gestionnaire de fichiers.py n'existe pas.
2026-02-15 16:02:14.591228 -  Le fichier gestionnaire de fichiers.py n'existe pas.
2026-02-15 16:02:14.594387 - Le dossier .venv n'existe pas ou n'est pas un dossier.
2026-02-15 16:02:14.599093 - Le dossier .idea n'existe pas ou n'est pas un dossier.
2026-02-15 16:02:14.599093 - Le dossier .pytest_cache n'existe pas ou n'est pas un dossier.
2026-02-15 16:14:37.878930 -  Le fichier debug.log n'existe pas.
2026-02-15 16:14:37.878930 -  Le fichier inventaire_jeu.xlsx n'existe pas.
2026-02-15 16:14:37.887892 -  Le fichier gestionnaire de fichiers.py n'existe pas.
2026-02-15 16:14:37.887892 -  Le fichier gestionnaire de fichiers.py n'existe pas.
2026-02-15 16:14:37.898832 - Le dossier .venv n'existe pas ou n'est pas un dossier.
2026-02-15 16:14:37.904028 - Le dossier .idea n'existe pas ou n'est pas un dossier.
2026-02-15 16:14:37.912196 - Le dossier .pytest_cache n'existe pas ou n'est pas un dossier.
2026-02-15 16:37:47.915699 -  Le fichier debug.log n'existe pas.
2026-02-15 16:37:47.932658 -  Le fichier inventaire_jeu.xlsx n'existe pas.
2026-02-15 16:37:47.932658 -  Le fichier gestionnaire de fichiers.py n'existe pas.
2026-02-15 16:37:47.940876 -  Le fichier gestionnaire de fichiers.py n'existe pas.
2026-02-15 16:37:48.162777 - Le dossier .idea n'existe pas ou n'est pas un dossier.
2026-02-15 16:37:48.321315 - Le dossier .pytest_cache n'existe pas ou n'est pas un dossier.
2026-02-15 16:38:27.468732 -  Le fichier debug.log n'existe pas.
2026-02-15 16:38:27.530519 -  Le fichier inventaire_jeu.xlsx n'existe pas.
2026-02-15 16:38:27.536796 -  Le fichier gestionnaire de fichiers.py n'existe pas.
2026-02-15 16:38:27.543477 -  Le fichier gestionnaire de fichiers.py n'existe pas.
2026-02-15 16:38:27.638546 - Le dossier .idea n'existe pas ou n'est pas un dossier.
2026-02-15 16:38:27.776234 - Le dossier .pytest_cache n'existe pas ou n'est pas un dossier.
2026-02-15 16:40:06.750321 -  Le fichier debug.log n'existe pas.
2026-02-15 16:40:06.754031 -  Le fichier inventaire_jeu.xlsx n'existe pas.
2026-02-15 16:40:06.758613 -  Le fichier gestionnaire de fichiers.py n'existe pas.
2026-02-15 16:40:06.764195 -  Le fichier gestionnaire de fichiers.py n'existe pas.
2026-02-15 16:40:06.768857 - Le dossier .venv n'existe pas ou n'est pas un dossier.
2026-02-15 16:40:06.772882 - Le dossier .pytest_cache n'existe pas ou n'est pas un dossier.
2026-02-15 16:44:31.644260 -  Le fichier debug.log n'existe pas.
2026-02-15 16:44:31.652322 -  Le fichier inventaire_jeu.xlsx n'existe pas.
2026-02-15 16:44:31.653333 -  Le fichier gestionnaire de fichiers.py n'existe pas.
2026-02-15 16:44:31.653333 -  Le fichier gestionnaire de fichiers.py n'existe pas.
2026-02-15 16:45:45.791432 -  Le fichier debug.log n'existe pas.
2026-02-15 16:45:45.795444 -  Le fichier inventaire_jeu.xlsx n'existe pas.
2026-02-15 16:45:45.800891 -  Le fichier gestionnaire de fichiers.py n'existe pas.
2026-02-15 16:45:45.806142 -  Le fichier gestionnaire de fichiers.py n'existe pas.
2026-02-15 16:45:45.809041 - Le dossier .venv n'existe pas ou n'est pas un dossier.
2026-02-15 16:45:45.811981 - Le dossier .pytest_cache n'existe pas ou n'est pas un dossier.
2026-02-15 16:54:54.520302 -  Le fichier debug.log n'existe pas.
2026-02-15 16:54:54.526880 -  Le fichier inventaire_jeu.xlsx n'existe pas.
2026-02-15 16:54:54.526880 -  Le fichier gestionnaire de fichiers.py n'existe pas.
2026-02-15 16:54:54.534157 -  Le fichier gestionnaire de fichiers.py n'existe pas.
2026-02-15 16:54:54.554078 - Le dossier .venv n'existe pas ou n'est pas un dossier.
2026-02-15 16:54:54.559643 - Le dossier .pytest_cache n'existe pas ou n'est pas un dossier.
2026-02-15 16:55:25.823624 -  Le fichier debug.log n'existe pas.
2026-02-15 16:55:25.931908 -  Le fichier inventaire_jeu.xlsx n'existe pas.
2026-02-15 16:55:25.946416 -  Le fichier gestionnaire de fichiers.py n'existe pas.
2026-02-15 16:55:25.954669 -  Le fichier gestionnaire de fichiers.py n'existe pas.
2026-02-15 16:55:25.964491 - Le dossier .venv n'existe pas ou n'est pas un dossier.
2026-02-15 16:55:25.967561 - Le dossier .pytest_cache n'existe pas ou n'est pas un dossier.
2026-02-15 17:05:41.467509 -  Le fichier debug.log n'existe pas.
2026-02-15 17:05:41.472340 -  Le fichier inventaire_jeu.xlsx n'existe pas.
2026-02-15 17:05:41.483644 -  Le fichier gestionnaire de fichiers.py n'existe pas.
2026-02-15 17:05:41.490343 -  Le fichier gestionnaire de fichiers.py n'existe pas.
2026-02-15 17:06:37.752527 -  Le fichier debug.log n'existe pas.
2026-02-15 17:06:37.763207 -  Le fichier inventaire_jeu.xlsx n'existe pas.
2026-02-15 17:06:37.770649 -  Le fichier gestionnaire de fichiers.py n'existe pas.
2026-02-15 17:06:37.770649 -  Le fichier gestionnaire de fichiers.py n'existe pas.
2026-02-15 17:07:27.751448 -  Le fichier debug.log n'existe pas.
2026-02-15 17:07:27.758470 -  Le fichier inventaire_jeu.xlsx n'existe pas.
2026-02-15 17:07:27.763295 -  Le fichier gestionnaire de fichiers.py n'existe pas.
2026-02-15 17:07:27.768295 -  Le fichier gestionnaire de fichiers.py n'existe pas.
2026-02-15 17:07:27.774450 - Le dossier .venv n'existe pas ou n'est pas un dossier.
2026-02-15 17:07:27.782582 - Le dossier .pytest_cache n'existe pas ou n'est pas un dossier.
2026-02-15 18:26:31.143264 -  Le fichier debug.log n'existe pas.
2026-02-15 18:26:31.182659 - Le dossier .pytest_cache n'existe pas ou n'est pas un dossier.
2026-02-15 18:32:59.788836 -  Le fichier debug.log n'existe pas.
2026-02-15 18:32:59.815832 - Le dossier .pytest_cache n'existe pas ou n'est pas un dossier.
2026-02-15 18:45:29.240328 -  Le fichier debug.log n'existe pas.
2026-02-15 18:45:29.446958 - Le dossier .pytest_cache n'existe pas ou n'est pas un dossier.
2026-02-15 18:51:14.464444 -  Le fichier debug.log n'existe pas.
2026-02-15 18:51:15.044010 - Le dossier .pytest_cache n'existe pas ou n'est pas un dossier.
2026-02-15 18:55:15.131524 -  Le fichier debug.log n'existe pas.
2026-02-15 18:55:15.575792 - Le dossier .pytest_cache n'existe pas ou n'est pas un dossier.
2026-02-15 19:04:05.326821 -  Le fichier debug.log n'existe pas.
2026-02-15 19:04:05.405344 - Le dossier .pytest_cache n'existe pas ou n'est pas un dossier.
2026-02-15 19:07:19.165226 -  Le fichier debug.log n'existe pas.
2026-02-15 19:07:19.181385 - Le dossier .pytest_cache n'existe pas ou n'est pas un dossier.
2026-02-15 19:13:03.725075 - Le dossier .pytest_cache n'existe pas ou n'est pas un dossier.
2026-02-15 19:14:04.848330 - Le dossier .pytest_cache n'existe pas ou n'est pas un dossier.
2026-02-15 19:16:00.584449 - Le dossier .pytest_cache n'existe pas ou n'est pas un dossier.
2026-02-15 19:18:03.931746 - Le dossier .pytest_cache n'existe pas ou n'est pas un dossier.
2026-02-15 19:19:47.635244 - Le dossier .pytest_cache n'existe pas ou n'est pas un dossier.
2026-02-15 19:20:52.945592 - Le dossier .pytest_cache n'existe pas ou n'est pas un dossier.
2026-02-15 19:24:18.982535 - Le dossier .pytest_cache n'existe pas ou n'est pas un dossier.
2026-02-15 19:28:29.747776 - Le dossier .pytest_cache n'existe pas ou n'est pas un dossier.
2026-02-15 19:29:36.586007 - Le dossier .pytest_cache n'existe pas ou n'est pas un dossier.
2026-02-15 19:31:33.207992 - Le dossier .pytest_cache n'existe pas ou n'est pas un dossier.
2026-02-15 19:32:31.427513 - Le dossier .pytest_cache n'existe pas ou n'est pas un dossier.
2026-02-15 19:33:23.894607 - Le dossier .pytest_cache n'existe pas ou n'est pas un dossier.
2026-02-15 19:36:23.721758 - Le dossier .pytest_cache n'existe pas ou n'est pas un dossier.
2026-02-15 19:41:41.438181 - Le dossier .pytest_cache n'existe pas ou n'est pas un dossier.
2026-02-15 19:48:15.427001 - Le dossier .pytest_cache n'existe pas ou n'est pas un dossier.
2026-02-15 21:28:02.058333 - Le dossier .pytest_cache n'existe pas ou n'est pas un dossier.
2026-02-15 21:38:36.142602 - Le dossier .pytest_cache n'existe pas ou n'est pas un dossier.
2026-02-15 21:42:00.777792 - Le dossier .pytest_cache n'existe pas ou n'est pas un dossier.
2026-02-15 21:45:23.387351 - Le dossier .pytest_cache n'existe pas ou n'est pas un dossier.
2026-02-15 21:51:28.487673 - Le dossier .pytest_cache n'existe pas ou n'est pas un dossier.
2026-02-15 22:01:43.721323 - Le dossier .pytest_cache n'existe pas ou n'est pas un dossier.
2026-02-16 09:07:02.622917 - Le dossier .pytest_cache n'existe pas ou n'est pas un dossier.
2026-02-16 09:15:12.342819 - Le dossier .pytest_cache n'existe pas ou n'est pas un dossier.
2026-02-16 09:51:09.841683 - Le dossier .pytest_cache n'existe pas ou n'est pas un dossier.
2026-02-16 09:58:14.119962 - Le dossier .pytest_cache n'existe pas ou n'est pas un dossier.
2026-02-16 10:01:12.763642 - Le dossier .pytest_cache n'existe pas ou n'est pas un dossier.
2026-02-16 10:02:37.204279 - Le dossier .pytest_cache n'existe pas ou n'est pas un dossier.
2026-02-16 10:03:54.269609 - Le dossier .pytest_cache n'existe pas ou n'est pas un dossier.
2026-02-16 10:07:05.928493 - Le dossier .pytest_cache n'existe pas ou n'est pas un dossier.
2026-02-16 10:08:28.123076 - Le dossier .pytest_cache n'existe pas ou n'est pas un dossier.
2026-02-16 10:16:42.099574 - Le dossier .pytest_cache n'existe pas ou n'est pas un dossier.
2026-02-16 10:18:49.478967 - Le dossier .pytest_cache n'existe pas ou n'est pas un dossier.
2026-02-16 10:23:45.016420 - Le dossier .pytest_cache n'existe pas ou n'est pas un dossier.
2026-02-16 10:25:20.068618 - Le dossier .pytest_cache n'existe pas ou n'est pas un dossier.
2026-02-16 10:26:12.314172 - Le dossier .pytest_cache n'existe pas ou n'est pas un dossier.
2026-02-16 10:27:03.632742 - Le dossier .pytest_cache n'existe pas ou n'est pas un dossier.
2026-02-16 10:29:16.336675 - Le dossier .pytest_cache n'existe pas ou n'est pas un dossier.
2026-02-16 10:30:00.494560 - Le dossier .pytest_cache n'existe pas ou n'est pas un dossier.
2026-02-16 10:36:23.475373 - Le dossier .pytest_cache n'existe pas ou n'est pas un dossier.
2026-02-16 10:38:31.348539 - Le dossier .pytest_cache n'existe pas ou n'est pas un dossier.
2026-02-16 10:39:14.547747 - Le dossier .pytest_cache n'existe pas ou n'est pas un dossier.
2026-02-16 10:43:29.143142 - Le dossier .pytest_cache n'existe pas ou n'est pas un dossier.
2026-02-16 10:46:01.647455 - Le dossier .pytest_cache n'existe pas ou n'est pas un dossier.
2026-02-16 10:46:57.863000 - Le dossier .pytest_cache n'existe pas ou n'est pas un dossier.
2026-02-16 10:47:49.592250 - Le dossier .pytest_cache n'existe pas ou n'est pas un dossier.
2026-02-16 10:48:12.347903 - Le dossier .pytest_cache n'existe pas ou n'est pas un dossier.
2026-02-16 10:48:58.726102 - Le dossier .pytest_cache n'existe pas ou n'est pas un dossier.
2026-02-16 10:52:38.173435 - Le dossier .pytest_cache n'existe pas ou n'est pas un dossier.
2026-02-16 10:55:16.621462 - Le dossier .pytest_cache n'existe pas ou n'est pas un dossier.
2026-02-16 10:57:58.757793 - Le dossier .pytest_cache n'existe pas ou n'est pas un dossier.
2026-02-16 11:01:31.633626 - Le dossier .pytest_cache n'existe pas ou n'est pas un dossier.
2026-02-16 11:17:16.992763 - Le dossier .pytest_cache n'existe pas ou n'est pas un dossier.
2026-02-16 11:43:22.893836 - Le dossier .pytest_cache n'existe pas ou n'est pas un dossier.
2026-02-16 11:44:20.794234 - Le dossier .pytest_cache n'existe pas ou n'est pas un dossier.
2026-02-16 11:46:44.642974 - Le dossier .pytest_cache n'existe pas ou n'est pas un dossier.
2026-02-16 11:51:29.404300 - Le dossier .pytest_cache n'existe pas ou n'est pas un dossier.
2026-02-16 11:53:30.204030 - Le dossier .pytest_cache n'existe pas ou n'est pas un dossier.
2026-02-16 11:55:14.197961 - Le dossier .pytest_cache n'existe pas ou n'est pas un dossier.
2026-02-16 11:57:58.098623 - Le dossier .pytest_cache n'existe pas ou n'est pas un dossier.
2026-02-16 11:59:18.707577 - Le dossier .pytest_cache n'existe pas ou n'est pas un dossier.
2026-02-16 12:02:27.144701 - Le dossier .pytest_cache n'existe pas ou n'est pas un dossier.
2026-02-16 12:04:03.580713 - Le dossier .pytest_cache n'existe pas ou n'est pas un dossier.
2026-02-16 12:05:51.940020 - Le dossier .pytest_cache n'existe pas ou n'est pas un dossier.
2026-02-16 12:12:04.843930 - Le dossier .pytest_cache n'existe pas ou n'est pas un dossier.
2026-02-16 12:13:02.993052 - Le dossier .pytest_cache n'existe pas ou n'est pas un dossier.
2026-02-16 12:20:11.313293 - Le dossier .pytest_cache n'existe pas ou n'est pas un dossier.
2026-02-16 12:24:23.980618 - Le dossier .pytest_cache n'existe pas ou n'est pas un dossier.
2026-02-16 13:08:57.536008 - Le dossier .pytest_cache n'existe pas ou n'est pas un dossier.
2026-02-16 13:17:36.723940 - Le dossier .pytest_cache n'existe pas ou n'est pas un dossier.
2026-02-16 13:19:09.948574 - Le dossier .pytest_cache n'existe pas ou n'est pas un dossier.
2026-02-16 13:20:06.225182 - Le dossier .pytest_cache n'existe pas ou n'est pas un dossier.
2026-02-16 13:28:36.597869 - Le dossier .pytest_cache n'existe pas ou n'est pas un dossier.
2026-02-16 13:31:12.784439 - Le dossier .pytest_cache n'existe pas ou n'est pas un dossier.
2026-02-16 14:47:19.588799 - Le dossier .pytest_cache n'existe pas ou n'est pas un dossier.
2026-02-16 14:58:02.581606 - Le dossier .pytest_cache n'existe pas ou n'est pas un dossier.
2026-02-16 15:00:29.777056 - Le dossier .pytest_cache n'existe pas ou n'est pas un dossier.
2026-02-16 15:03:32.891692 - Le dossier .pytest_cache n'existe pas ou n'est pas un dossier.
2026-02-16 15:07:51.826921 - Le dossier .pytest_cache n'existe pas ou n'est pas un dossier.
2026-02-16 15:12:55.021559 - Le dossier .pytest_cache n'existe pas ou n'est pas un dossier.
2026-02-16 15:32:35.865040 - Le dossier .pytest_cache n'existe pas ou n'est pas un dossier.
2026-02-16 15:33:49.642992 - Le dossier .pytest_cache n'existe pas ou n'est pas un dossier.
2026-02-16 15:34:57.860720 - Le dossier .pytest_cache n'existe pas ou n'est pas un dossier.
2026-02-16 15:52:07.833122 - Le dossier .pytest_cache n'existe pas ou n'est pas un dossier.
2026-02-16 15:56:06.536011 - Le dossier .pytest_cache n'existe pas ou n'est pas un dossier.
2026-02-16 15:59:58.987357 - Le dossier .pytest_cache n'existe pas ou n'est pas un dossier.
2026-02-16 16:02:05.309862 - Le dossier .pytest_cache n'existe pas ou n'est pas un dossier.
2026-02-16 16:03:39.219782 - Le dossier .pytest_cache n'existe pas ou n'est pas un dossier.
2026-02-16 16:06:39.108543 - Le dossier .pytest_cache n'existe pas ou n'est pas un dossier.
2026-02-16 16:12:20.751827 - Le dossier .pytest_cache n'existe pas ou n'est pas un dossier.
2026-02-16 16:14:31.244548 - Le dossier .pytest_cache n'existe pas ou n'est pas un dossier.
2026-02-16 16:23:05.605784 - Le dossier .pytest_cache n'existe pas ou n'est pas un dossier.
2026-02-16 16:25:31.463140 - Le dossier .pytest_cache n'existe pas ou n'est pas un dossier.
2026-02-16 16:26:22.506905 - Le dossier .pytest_cache n'existe pas ou n'est pas un dossier.
2026-02-16 16:29:43.270512 - Le dossier .pytest_cache n'existe pas ou n'est pas un dossier.
2026-02-16 16:30:51.321387 - Le dossier .pytest_cache n'existe pas ou n'est pas un dossier.
2026-02-16 16:44:47.509062 - Le dossier .pytest_cache n'existe pas ou n'est pas un dossier.
2026-02-16 16:45:52.287625 - Le dossier .pytest_cache n'existe pas ou n'est pas un dossier.
2026-02-16 16:46:31.435938 - Le dossier .pytest_cache n'existe pas ou n'est pas un dossier.
2026-02-16 16:50:04.917576 - Le dossier .pytest_cache n'existe pas ou n'est pas un dossier.
2026-02-16 16:51:09.703905 - Le dossier .pytest_cache n'existe pas ou n'est pas un dossier.
2026-02-16 16:52:27.623922 - Le dossier .pytest_cache n'existe pas ou n'est pas un dossier.
2026-02-16 16:55:50.389806 - Le dossier .pytest_cache n'existe pas ou n'est pas un dossier.
2026-02-16 16:58:12.326151 - Le dossier .pytest_cache n'existe pas ou n'est pas un dossier.
2026-02-16 17:01:40.579272 - Le dossier .pytest_cache n'existe pas ou n'est pas un dossier.
2026-02-16 17:02:41.681924 - Le dossier .pytest_cache n'existe pas ou n'est pas un dossier.
2026-02-16 17:07:04.954729 - Le dossier .pytest_cache n'existe pas ou n'est pas un dossier.
2026-02-16 17:09:36.874737 - Le dossier .pytest_cache n'existe pas ou n'est pas un dossier.
2026-02-16 17:11:36.465568 - Le dossier .pytest_cache n'existe pas ou n'est pas un dossier.
2026-02-16 17:12:31.695043 - Le dossier .pytest_cache n'existe pas ou n'est pas un dossier.
2026-02-16 17:14:08.586594 - Le dossier .pytest_cache n'existe pas ou n'est pas un dossier.
2026-02-16 17:16:00.322907 - Le dossier .pytest_cache n'existe pas ou n'est pas un dossier.
2026-02-16 17:18:30.515596 - Le dossier .pytest_cache n'existe pas ou n'est pas un dossier.
2026-02-16 17:19:53.511110 - Le dossier .pytest_cache n'existe pas ou n'est pas un dossier.
2026-02-16 17:22:58.088042 - Le dossier .pytest_cache n'existe pas ou n'est pas un dossier.
2026-02-16 17:27:36.388597 - Le dossier .pytest_cache n'existe pas ou n'est pas un dossier.
2026-02-16 17:35:27.499208 - Le dossier .pytest_cache n'existe pas ou n'est pas un dossier.
2026-02-16 17:37:19.153496 - Le dossier .pytest_cache n'existe pas ou n'est pas un dossier.
2026-02-16 18:42:21.655906 - Le dossier .pytest_cache n'existe pas ou n'est pas un dossier.
2026-02-16 18:55:53.705456 - Le dossier .pytest_cache n'existe pas ou n'est pas un dossier.
2026-02-16 19:01:21.124025 - Le dossier .pytest_cache n'existe pas ou n'est pas un dossier.
2026-02-16 19:04:28.714454 - Le dossier .pytest_cache n'existe pas ou n'est pas un dossier.
2026-02-16 19:11:10.079128 - Le dossier .pytest_cache n'existe pas ou n'est pas un dossier.
2026-02-16 19:13:32.207790 - Le dossier .pytest_cache n'existe pas ou n'est pas un dossier.
2026-02-16 19:16:15.110127 - Le dossier .pytest_cache n'existe pas ou n'est pas un dossier.
2026-02-16 19:22:12.514123 - Le dossier .pytest_cache n'existe pas ou n'est pas un dossier.
2026-02-16 19:26:09.729919 - Le dossier .pytest_cache n'existe pas ou n'est pas un dossier.
2026-02-16 19:26:32.936293 - Le dossier .pytest_cache n'existe pas ou n'est pas un dossier.
2026-02-16 19:29:10.239443 - Le dossier .pytest_cache n'existe pas ou n'est pas un dossier.
2026-02-16 19:30:35.710902 - Le dossier .pytest_cache n'existe pas ou n'est pas un dossier.
2026-02-16 19:36:20.170967 - Le dossier .pytest_cache n'existe pas ou n'est pas un dossier.
2026-02-16 19:37:41.240033 - Le dossier .pytest_cache n'existe pas ou n'est pas un dossier.
2026-02-16 19:39:38.027644 - Le dossier .pytest_cache n'existe pas ou n'est pas un dossier.
2026-02-16 21:17:55.550139 - Le dossier .pytest_cache n'existe pas ou n'est pas un dossier.
2026-02-16 21:20:39.821041 - Le dossier .pytest_cache n'existe pas ou n'est pas un dossier.
2026-02-16 21:21:29.400286 - Le dossier .pytest_cache n'existe pas ou n'est pas un dossier.
2026-02-16 21:25:27.712277 - Le dossier .pytest_cache n'existe pas ou n'est pas un dossier.
2026-02-16 21:30:45.190781 - Le dossier .pytest_cache n'existe pas ou n'est pas un dossier.
2026-02-16 21:32:56.511962 - Le dossier .pytest_cache n'existe pas ou n'est pas un dossier.
2026-02-16 21:35:19.413271 - Le dossier .pytest_cache n'existe pas ou n'est pas un dossier.
2026-02-16 21:45:25.547236 - Le dossier .pytest_cache n'existe pas ou n'est pas un dossier.
2026-02-16 21:54:02.877622 - Le dossier .pytest_cache n'existe pas ou n'est pas un dossier.
2026-02-16 21:56:52.041153 - Le dossier .pytest_cache n'existe pas ou n'est pas un dossier.
2026-02-16 22:00:36.456223 - Le dossier .pytest_cache n'existe pas ou n'est pas un dossier.
2026-02-16 22:01:18.959821 - Le dossier .pytest_cache n'existe pas ou n'est pas un dossier.
2026-02-17 10:25:58.489841 - Le dossier .pytest_cache n'existe pas ou n'est pas un dossier.
2026-02-17 10:27:30.876374 - Le dossier .pytest_cache n'existe pas ou n'est pas un dossier.
2026-02-17 10:37:18.419738 - Le dossier .pytest_cache n'existe pas ou n'est pas un dossier.
2026-02-17 10:42:54.992748 - Le dossier .pytest_cache n'existe pas ou n'est pas un dossier.
2026-02-17 10:44:07.994030 - Le dossier .pytest_cache n'existe pas ou n'est pas un dossier.
2026-02-17 10:59:21.023895 - Le dossier .pytest_cache n'existe pas ou n'est pas un dossier.
2026-02-17 11:03:59.491557 - Le dossier .pytest_cache n'existe pas ou n'est pas un dossier.
2026-02-17 11:12:01.471354 - Le dossier .pytest_cache n'existe pas ou n'est pas un dossier.
2026-02-17 11:14:10.834531 - Le dossier .pytest_cache n'existe pas ou n'est pas un dossier.
2026-02-17 11:18:00.633395 - Le dossier .pytest_cache n'existe pas ou n'est pas un dossier.
2026-02-17 11:28:50.406243 - Le dossier .pytest_cache n'existe pas ou n'est pas un dossier.
2026-02-17 11:36:37.330443 - Le dossier .pytest_cache n'existe pas ou n'est pas un dossier.
2026-02-17 11:59:52.419407 - Le dossier .pytest_cache n'existe pas ou n'est pas un dossier.
2026-02-17 12:01:09.727709 - Le dossier .pytest_cache n'existe pas ou n'est pas un dossier.
2026-02-17 12:02:36.676489 - Le dossier .pytest_cache n'existe pas ou n'est pas un dossier.
2026-02-17 12:03:39.738218 - Le dossier .pytest_cache n'existe pas ou n'est pas un dossier.
2026-02-17 12:04:39.279307 - Le dossier .pytest_cache n'existe pas ou n'est pas un dossier.
2026-02-17 12:05:38.119418 - Le dossier .pytest_cache n'existe pas ou n'est pas un dossier.
2026-02-17 12:05:51.328306 - Le dossier .pytest_cache n'existe pas ou n'est pas un dossier.
2026-02-17 12:26:42.107582 - Le dossier .pytest_cache n'existe pas ou n'est pas un dossier.
2026-02-17 12:28:15.387547 - Le dossier .pytest_cache n'existe pas ou n'est pas un dossier.
2026-02-17 13:48:44.492995 - Le dossier .pytest_cache n'existe pas ou n'est pas un dossier.
2026-02-17 13:57:13.672002 - Le dossier .pytest_cache n'existe pas ou n'est pas un dossier.
2026-02-17 13:58:20.243004 - Le dossier .pytest_cache n'existe pas ou n'est pas un dossier.
2026-02-17 14:00:28.838782 - Le dossier .pytest_cache n'existe pas ou n'est pas un dossier.
2026-02-17 14:12:53.145688 - Le dossier .pytest_cache n'existe pas ou n'est pas un dossier.
2026-02-17 14:12:53.146724 - Le dossier .pytest_cache n'existe pas ou n'est pas un dossier.
2026-02-17 14:21:07.170702 - Le dossier .pytest_cache n'existe pas ou n'est pas un dossier.
2026-02-17 16:26:15.750549 - Le dossier .pytest_cache n'existe pas ou n'est pas un dossier.
2026-02-17 16:30:06.636796 - Le dossier .pytest_cache n'existe pas ou n'est pas un dossier.
2026-02-17 16:41:24.721175 - Le dossier .pytest_cache n'existe pas ou n'est pas un dossier.
2026-02-17 16:46:40.654315 - Le dossier .pytest_cache n'existe pas ou n'est pas un dossier.
2026-02-17 16:54:11.778589 - Le dossier .pytest_cache n'existe pas ou n'est pas un dossier.
2026-02-18 08:59:12.045926 - Le dossier .pytest_cache n'existe pas ou n'est pas un dossier.
2026-02-18 09:01:22.737334 - Le dossier .pytest_cache n'existe pas ou n'est pas un dossier.
2026-02-18 09:03:25.488229 - Le dossier .pytest_cache n'existe pas ou n'est pas un dossier.
2026-02-18 09:07:29.606097 - Le dossier .pytest_cache n'existe pas ou n'est pas un dossier.
2026-02-18 09:11:06.996427 - Le dossier .pytest_cache n'existe pas ou n'est pas un dossier.
2026-02-18 09:12:00.477390 - Le dossier .pytest_cache n'existe pas ou n'est pas un dossier.
2026-02-18 09:18:11.146894 - Le dossier .pytest_cache n'existe pas ou n'est pas un dossier.
2026-02-18 09:20:17.921052 - Le dossier .pytest_cache n'existe pas ou n'est pas un dossier.
2026-02-18 09:22:35.762738 - Le dossier .pytest_cache n'existe pas ou n'est pas un dossier.
2026-02-18 09:25:29.786858 - Le dossier .pytest_cache n'existe pas ou n'est pas un dossier.
2026-02-18 09:27:06.438861 - Le dossier .pytest_cache n'existe pas ou n'est pas un dossier.
2026-02-18 09:29:36.613801 - Le dossier .pytest_cache n'existe pas ou n'est pas un dossier.
2026-02-18 11:28:54.806017 - Le dossier .pytest_cache n'existe pas ou n'est pas un dossier.
2026-02-18 12:52:57.785373 - Le dossier .pytest_cache n'existe pas ou n'est pas un dossier.
2026-02-18 12:55:47.848054 - Le dossier .pytest_cache n'existe pas ou n'est pas un dossier.
2026-02-18 17:14:32.692738 - Le dossier .pytest_cache n'existe pas ou n'est pas un dossier.
2026-02-18 18:07:35.227806 - Le dossier .pytest_cache n'existe pas ou n'est pas un dossier.
2026-02-18 18:09:59.322536 - Le dossier .pytest_cache n'existe pas ou n'est pas un dossier.
2026-02-18 18:13:31.025169 - Le dossier .pytest_cache n'existe pas ou n'est pas un dossier.
2026-02-18 18:14:05.309534 - Le dossier .pytest_cache n'existe pas ou n'est pas un dossier.
2026-02-18 18:18:13.920017 - Le dossier .pytest_cache n'existe pas ou n'est pas un dossier.
2026-02-18 18:20:10.700197 - Le dossier .pytest_cache n'existe pas ou n'est pas un dossier.
2026-02-18 18:24:11.783331 - Le dossier .pytest_cache n'existe pas ou n'est pas un dossier.
2026-02-18 18:29:02.455117 - Le dossier .pytest_cache n'existe pas ou n'est pas un dossier.
2026-02-18 18:32:41.550410 - Le dossier .pytest_cache n'existe pas ou n'est pas un dossier.
2026-02-18 18:34:15.161697 - Le dossier .pytest_cache n'existe pas ou n'est pas un dossier.
2026-02-18 18:40:25.645611 - Le dossier .pytest_cache n'existe pas ou n'est pas un dossier.
2026-02-18 18:54:14.027187 - Le dossier .pytest_cache n'existe pas ou n'est pas un dossier.
2026-02-19 11:57:10.497623 - Le dossier .pytest_cache n'existe pas ou n'est pas un dossier.
2026-02-19 12:02:23.269123 - Le dossier .pytest_cache n'existe pas ou n'est pas un dossier.
2026-02-19 12:04:35.640938 - Le dossier .pytest_cache n'existe pas ou n'est pas un dossier.
2026-02-19 12:17:26.511806 - Le dossier .pytest_cache n'existe pas ou n'est pas un dossier.
2026-02-19 12:17:53.493016 - Le dossier .pytest_cache n'existe pas ou n'est pas un dossier.
2026-02-19 12:19:24.792984 - Le dossier .pytest_cache n'existe pas ou n'est pas un dossier.
2026-02-19 12:24:21.929959 - Le dossier .pytest_cache n'existe pas ou n'est pas un dossier.
2026-02-19 12:25:19.727257 - Le dossier .pytest_cache n'existe pas ou n'est pas un dossier.
2026-02-19 12:27:17.790919 - Le dossier .pytest_cache n'existe pas ou n'est pas un dossier.
2026-02-19 12:32:16.193373 - Le dossier .pytest_cache n'existe pas ou n'est pas un dossier.
2026-02-19 12:32:56.608456 - Le dossier .pytest_cache n'existe pas ou n'est pas un dossier.
2026-02-19 12:34:40.653577 - Le dossier .pytest_cache n'existe pas ou n'est pas un dossier.
2026-02-19 12:34:57.116002 - Le dossier .pytest_cache n'existe pas ou n'est pas un dossier.
2026-02-19 12:36:27.982281 - Le dossier .pytest_cache n'existe pas ou n'est pas un dossier.
2026-02-19 12:40:37.926133 - Le dossier .pytest_cache n'existe pas ou n'est pas un dossier.
2026-02-19 18:23:57.014690 - Le dossier .pytest_cache n'existe pas ou n'est pas un dossier.
2026-02-19 18:26:54.415589 - Le dossier .pytest_cache n'existe pas ou n'est pas un dossier.
2026-02-19 18:28:45.971963 - Le dossier .pytest_cache n'existe pas ou n'est pas un dossier.
2026-02-19 18:34:25.508897 - Le dossier .pytest_cache n'existe pas ou n'est pas un dossier.
2026-02-19 18:34:50.683964 - Le dossier .pytest_cache n'existe pas ou n'est pas un dossier.
2026-02-19 18:38:16.070794 - Le dossier .pytest_cache n'existe pas ou n'est pas un dossier.
2026-02-19 18:40:06.490935 - Le dossier .pytest_cache n'existe pas ou n'est pas un dossier.
2026-02-19 18:41:00.704748 - Le dossier .pytest_cache n'existe pas ou n'est pas un dossier.
2026-02-19 18:43:17.225149 - Le dossier .pytest_cache n'existe pas ou n'est pas un dossier.
2026-02-19 18:45:38.597949 - Le dossier .pytest_cache n'existe pas ou n'est pas un dossier.
2026-02-19 18:47:44.927107 - Le dossier .pytest_cache n'existe pas ou n'est pas un dossier.
2026-02-19 18:48:27.452471 - Le dossier .pytest_cache n'existe pas ou n'est pas un dossier.
2026-02-19 18:49:26.521883 - Le dossier .pytest_cache n'existe pas ou n'est pas un dossier.
2026-02-19 18:53:29.595331 - Le dossier .pytest_cache n'existe pas ou n'est pas un dossier.
2026-02-19 18:55:52.489763 - Le dossier .pytest_cache n'existe pas ou n'est pas un dossier.
2026-02-19 19:01:22.348595 - Le dossier .pytest_cache n'existe pas ou n'est pas un dossier.
2026-02-19 19:10:23.542801 - Le dossier .pytest_cache n'existe pas ou n'est pas un dossier.
2026-02-19 19:28:32.850013 - Le dossier .pytest_cache n'existe pas ou n'est pas un dossier.
2026-02-20 11:25:26.071493 - Le dossier .pytest_cache n'existe pas ou n'est pas un dossier.
2026-02-20 11:28:37.183404 - Le dossier .pytest_cache n'existe pas ou n'est pas un dossier.
2026-02-20 11:34:41.903680 - Le dossier .pytest_cache n'existe pas ou n'est pas un dossier.
2026-02-20 11:35:57.255784 - Le dossier .pytest_cache n'existe pas ou n'est pas un dossier.
2026-02-20 11:36:50.661995 - Le dossier .pytest_cache n'existe pas ou n'est pas un dossier.
2026-02-20 11:38:32.493789 - Le dossier .pytest_cache n'existe pas ou n'est pas un dossier.
2026-02-20 11:44:57.268406 - Le dossier .pytest_cache n'existe pas ou n'est pas un dossier.
2026-02-20 11:50:13.062748 - Le dossier .pytest_cache n'existe pas ou n'est pas un dossier.
2026-02-20 11:52:38.843451 - Le dossier .pytest_cache n'existe pas ou n'est pas un dossier.
2026-02-20 11:54:08.723114 - Le dossier .pytest_cache n'existe pas ou n'est pas un dossier.
2026-02-20 11:56:59.942923 - Le dossier .pytest_cache n'existe pas ou n'est pas un dossier.
2026-02-20 11:59:39.036916 - Le dossier .pytest_cache n'existe pas ou n'est pas un dossier.
2026-02-20 12:01:01.333199 - Le dossier .pytest_cache n'existe pas ou n'est pas un dossier.
2026-02-20 12:01:23.877786 - Le dossier .pytest_cache n'existe pas ou n'est pas un dossier.
2026-02-20 12:02:26.835975 - Le dossier .pytest_cache n'existe pas ou n'est pas un dossier.
2026-02-20 12:10:34.712098 - Le dossier .pytest_cache n'existe pas ou n'est pas un dossier.
2026-02-20 12:12:08.774727 - Le dossier .pytest_cache n'existe pas ou n'est pas un dossier.
2026-02-20 12:13:22.925679 - Le dossier .pytest_cache n'existe pas ou n'est pas un dossier.
2026-02-20 12:14:10.569238 - Le dossier .pytest_cache n'existe pas ou n'est pas un dossier.
2026-02-20 12:15:25.828130 - Le dossier .pytest_cache n'existe pas ou n'est pas un dossier.
2026-02-20 12:16:40.718928 - Le dossier .pytest_cache n'existe pas ou n'est pas un dossier.
2026-02-20 12:17:53.065503 - Le dossier .pytest_cache n'existe pas ou n'est pas un dossier.
2026-02-20 12:18:27.773365 - Le dossier .pytest_cache n'existe pas ou n'est pas un dossier.
2026-02-20 12:19:20.236832 - Le dossier .pytest_cache n'existe pas ou n'est pas un dossier.
2026-02-20 13:11:37.871192 - Le dossier .pytest_cache n'existe pas ou n'est pas un dossier.
2026-02-20 13:12:16.174461 - Le dossier .pytest_cache n'existe pas ou n'est pas un dossier.
2026-02-20 13:23:51.277882 - Le dossier .pytest_cache n'existe pas ou n'est pas un dossier.
2026-02-20 13:34:37.531974 - Le dossier .pytest_cache n'existe pas ou n'est pas un dossier.
2026-02-20 13:37:13.001469 - Le dossier .pytest_cache n'existe pas ou n'est pas un dossier.
2026-02-20 13:42:51.275495 - Le dossier .pytest_cache n'existe pas ou n'est pas un dossier.
2026-02-20 13:45:33.379532 - Le dossier .pytest_cache n'existe pas ou n'est pas un dossier.
2026-02-20 13:47:56.828994 - Le dossier .pytest_cache n'existe pas ou n'est pas un dossier.
2026-02-20 13:48:30.844787 - Le dossier .pytest_cache n'existe pas ou n'est pas un dossier.
2026-02-20 13:49:32.026425 - Le dossier .pytest_cache n'existe pas ou n'est pas un dossier.
2026-02-20 13:50:01.925318 - Le dossier .pytest_cache n'existe pas ou n'est pas un dossier.
2026-02-20 13:51:46.839128 - Le dossier .pytest_cache n'existe pas ou n'est pas un dossier.
2026-02-20 13:52:30.016250 - Le dossier .pytest_cache n'existe pas ou n'est pas un dossier.
2026-02-20 13:54:53.252743 - Le dossier .pytest_cache n'existe pas ou n'est pas un dossier.
2026-02-20 13:55:41.287529 - Le dossier .pytest_cache n'existe pas ou n'est pas un dossier.
2026-02-20 13:58:39.721747 - Le dossier .pytest_cache n'existe pas ou n'est pas un dossier.
2026-02-20 13:59:10.774020 - Le dossier .pytest_cache n'existe pas ou n'est pas un dossier.
2026-02-20 21:15:00.110616 - Le dossier .pytest_cache n'existe pas ou n'est pas un dossier.
2026-02-20 21:15:41.332409 - Le dossier .pytest_cache n'existe pas ou n'est pas un dossier.
2026-02-20 21:47:50.853692 - Le dossier .pytest_cache n'existe pas ou n'est pas un dossier.
2026-02-20 21:53:38.045649 - Le dossier .pytest_cache n'existe pas ou n'est pas un dossier.
2026-02-21 12:01:48.240003 - Le dossier .pytest_cache n'existe pas ou n'est pas un dossier.
2026-02-21 12:08:14.767594 - Le dossier .pytest_cache n'existe pas ou n'est pas un dossier.
2026-02-21 12:10:44.013855 - Le dossier .pytest_cache n'existe pas ou n'est pas un dossier.
2026-02-21 12:12:39.418906 - Le dossier .pytest_cache n'existe pas ou n'est pas un dossier.
2026-02-21 12:18:53.110728 - Le dossier .pytest_cache n'existe pas ou n'est pas un dossier.
2026-02-21 12:20:16.950792 - Le dossier .pytest_cache n'existe pas ou n'est pas un dossier.
2026-02-21 12:22:47.363008 - Le dossier .pytest_cache n'existe pas ou n'est pas un dossier.
2026-02-21 12:28:32.273926 - Le dossier .pytest_cache n'existe pas ou n'est pas un dossier.
2026-02-21 12:30:36.399885 - Le dossier .pytest_cache n'existe pas ou n'est pas un dossier.
2026-02-21 12:34:00.865666 - Le dossier .pytest_cache n'existe pas ou n'est pas un dossier.
2026-02-21 12:37:21.368321 - Le dossier .pytest_cache n'existe pas ou n'est pas un dossier.
2026-02-21 12:39:41.807562 - Le dossier .pytest_cache n'existe pas ou n'est pas un dossier.
2026-02-21 14:24:55.692114 - Le dossier .pytest_cache n'existe pas ou n'est pas un dossier.
2026-02-21 15:16:14.125905 - Le dossier .pytest_cache n'existe pas ou n'est pas un dossier.
2026-02-21 16:18:47.090318 - Le dossier .pytest_cache n'existe pas ou n'est pas un dossier.
2026-02-21 16:28:21.786344 - Le dossier .pytest_cache n'existe pas ou n'est pas un dossier.
2026-02-21 16:34:12.986970 - Le dossier .pytest_cache n'existe pas ou n'est pas un dossier.
2026-02-21 16:35:55.194833 - Le dossier .pytest_cache n'existe pas ou n'est pas un dossier.
2026-02-21 16:38:21.466984 - Le dossier .pytest_cache n'existe pas ou n'est pas un dossier.
2026-02-21 17:21:38.896019 - Le dossier .pytest_cache n'existe pas ou n'est pas un dossier.
2026-02-21 18:58:06.716281 - Le dossier .pytest_cache n'existe pas ou n'est pas un dossier.
2026-02-21 19:00:14.283196 - Le dossier .pytest_cache n'existe pas ou n'est pas un dossier.
2026-02-21 19:04:23.221862 - Le dossier .pytest_cache n'existe pas ou n'est pas un dossier.
2026-02-21 19:05:17.205909 - Le dossier .pytest_cache n'existe pas ou n'est pas un dossier.
2026-02-21 19:07:19.945108 - Le dossier .pytest_cache n'existe pas ou n'est pas un dossier.
2026-02-21 19:15:47.686949 - Le dossier .pytest_cache n'existe pas ou n'est pas un dossier.
2026-02-21 19:20:48.841592 - Le dossier .pytest_cache n'existe pas ou n'est pas un dossier.
2026-02-21 19:35:09.601665 - Le dossier .pytest_cache n'existe pas ou n'est pas un dossier.
2026-02-21 19:39:26.725082 - Le dossier .pytest_cache n'existe pas ou n'est pas un dossier.
2026-02-22 08:47:53.034432 - Le dossier .pytest_cache n'existe pas ou n'est pas un dossier.
2026-02-22 10:01:12.203668 - Le dossier .pytest_cache n'existe pas ou n'est pas un dossier.
2026-02-22 10:53:32.084639 - Le dossier .pytest_cache n'existe pas ou n'est pas un dossier.
2026-02-22 10:55:01.678674 - Le dossier .pytest_cache n'existe pas ou n'est pas un dossier.
2026-02-22 10:55:43.525178 - Le dossier .pytest_cache n'existe pas ou n'est pas un dossier.
2026-02-22 10:56:00.311329 - Le dossier .pytest_cache n'existe pas ou n'est pas un dossier.
2026-02-22 11:04:39.901821 - Le dossier .pytest_cache n'existe pas ou n'est pas un dossier.
2026-02-22 11:11:02.601739 - Le dossier .pytest_cache n'existe pas ou n'est pas un dossier.
2026-02-22 11:20:33.338225 - Le dossier .pytest_cache n'existe pas ou n'est pas un dossier.
2026-02-22 11:31:05.979085 - Le dossier .pytest_cache n'existe pas ou n'est pas un dossier.
2026-02-22 11:33:42.232421 - Le dossier .pytest_cache n'existe pas ou n'est pas un dossier.
2026-02-22 11:37:45.520381 - Le dossier .pytest_cache n'existe pas ou n'est pas un dossier.
2026-02-22 11:56:15.096138 - Le dossier .pytest_cache n'existe pas ou n'est pas un dossier.
2026-02-22 12:00:23.847804 - Le dossier .pytest_cache n'existe pas ou n'est pas un dossier.
2026-02-22 12:05:38.630738 - Le dossier .pytest_cache n'existe pas ou n'est pas un dossier.
2026-02-22 12:05:49.197118 - Le dossier .pytest_cache n'existe pas ou n'est pas un dossier.
2026-02-22 12:13:16.175316 - Le dossier .pytest_cache n'existe pas ou n'est pas un dossier.
2026-02-22 12:46:40.537015 - Le dossier .pytest_cache n'existe pas ou n'est pas un dossier.
2026-02-22 12:49:16.671776 - Le dossier .pytest_cache n'existe pas ou n'est pas un dossier.
2026-02-22 12:50:30.658327 - Le dossier .pytest_cache n'existe pas ou n'est pas un dossier.
2026-02-22 12:52:23.831344 - Le dossier .pytest_cache n'existe pas ou n'est pas un dossier.
2026-02-22 13:23:40.128308 - Le dossier .pytest_cache n'existe pas ou n'est pas un dossier.
2026-02-22 13:29:04.974116 - Le dossier .pytest_cache n'existe pas ou n'est pas un dossier.
2026-02-22 13:42:59.624298 - Le dossier .pytest_cache n'existe pas ou n'est pas un dossier.
2026-02-22 14:13:42.392004 - Le dossier .pytest_cache n'existe pas ou n'est pas un dossier.
2026-02-22 14:18:36.222465 - Le dossier .pytest_cache n'existe pas ou n'est pas un dossier.
2026-02-22 14:45:56.833345 - Le dossier .pytest_cache n'existe pas ou n'est pas un dossier.
2026-02-22 14:52:21.287209 - Le dossier .pytest_cache n'existe pas ou n'est pas un dossier.
2026-02-22 15:01:44.331805 - Le dossier .pytest_cache n'existe pas ou n'est pas un dossier.
2026-02-22 15:18:05.530716 - Le dossier .pytest_cache n'existe pas ou n'est pas un dossier.
2026-02-22 15:21:11.328209 - Le dossier .pytest_cache n'existe pas ou n'est pas un dossier.
2026-02-22 15:30:50.463083 - Le dossier .pytest_cache n'existe pas ou n'est pas un dossier.
2026-02-22 15:42:30.253659 - Le dossier .pytest_cache n'existe pas ou n'est pas un dossier.
2026-02-22 15:55:15.411042 - Le dossier .pytest_cache n'existe pas ou n'est pas un dossier.
2026-02-22 16:22:06.845603 - Le dossier .pytest_cache n'existe pas ou n'est pas un dossier.
2026-02-22 16:24:12.272919 - Le dossier .pytest_cache n'existe pas ou n'est pas un dossier.
2026-02-22 16:31:44.912969 - Le dossier .pytest_cache n'existe pas ou n'est pas un dossier.
2026-02-22 16:35:40.467285 - Le dossier .pytest_cache n'existe pas ou n'est pas un dossier.
2026-02-22 16:38:44.947489 - Le dossier .pytest_cache n'existe pas ou n'est pas un dossier.
2026-02-22 16:41:57.909623 - Le dossier .pytest_cache n'existe pas ou n'est pas un dossier.
2026-02-22 16:45:55.626236 - Le dossier .pytest_cache n'existe pas ou n'est pas un dossier.
2026-02-22 16:50:31.291692 - Le dossier .pytest_cache n'existe pas ou n'est pas un dossier.
2026-02-22 16:52:35.432574 - Le dossier .pytest_cache n'existe pas ou n'est pas un dossier.
2026-02-22 16:59:50.821898 - Le dossier .pytest_cache n'existe pas ou n'est pas un dossier.
2026-02-22 17:01:18.510889 - Le dossier .pytest_cache n'existe pas ou n'est pas un dossier.
2026-02-22 17:04:17.987693 - Le dossier .pytest_cache n'existe pas ou n'est pas un dossier.
2026-02-22 17:10:00.709794 - Le dossier .pytest_cache n'existe pas ou n'est pas un dossier.
2026-02-22 17:24:37.948826 - Le dossier .pytest_cache n'existe pas ou n'est pas un dossier.
2026-02-22 17:49:42.849776 - Le dossier .pytest_cache n'existe pas ou n'est pas un dossier.
2026-02-22 18:06:22.792392 - Le dossier .pytest_cache n'existe pas ou n'est pas un dossier.
2026-02-22 18:16:21.530137 - Le dossier .pytest_cache n'existe pas ou n'est pas un dossier.
2026-02-22 18:44:24.694050 - Le dossier .pytest_cache n'existe pas ou n'est pas un dossier.
2026-02-22 19:32:58.364411 - Le dossier .pytest_cache n'existe pas ou n'est pas un dossier.
2026-02-23 16:17:27.794128 - Le dossier .pytest_cache n'existe pas ou n'est pas un dossier.
2026-02-23 16:31:21.369048 - Le dossier .pytest_cache n'existe pas ou n'est pas un dossier.
2026-02-23 18:53:28.926322 - Le dossier .pytest_cache n'existe pas ou n'est pas un dossier.
2026-02-23 18:54:51.463280 - Le dossier .pytest_cache n'existe pas ou n'est pas un dossier.
2026-02-23 18:55:49.728816 - Le dossier .pytest_cache n'existe pas ou n'est pas un dossier.
2026-02-23 18:57:58.414033 - Le dossier .pytest_cache n'existe pas ou n'est pas un dossier.
2026-02-23 19:05:20.550028 - Le dossier .pytest_cache n'existe pas ou n'est pas un dossier.
2026-02-23 19:08:25.656763 - Le dossier .pytest_cache n'existe pas ou n'est pas un dossier.
2026-02-23 19:12:54.462313 - Le dossier .pytest_cache n'existe pas ou n'est pas un dossier.
2026-02-25 11:20:58.972123 - Le dossier .pytest_cache n'existe pas ou n'est pas un dossier.
2026-02-25 11:27:28.417223 - Le dossier .pytest_cache n'existe pas ou n'est pas un dossier.
2026-02-25 21:40:39.701194 - Le dossier .pytest_cache n'existe pas ou n'est pas un dossier.
2026-02-26 15:42:10.193148 - Le dossier .pytest_cache n'existe pas ou n'est pas un dossier.
2026-02-26 15:43:13.600830 - Le dossier .pytest_cache n'existe pas ou n'est pas un dossier.
2026-02-26 15:46:03.124372 - Le dossier .pytest_cache n'existe pas ou n'est pas un dossier.
2026-02-26 15:47:38.558388 - Le dossier .pytest_cache n'existe pas ou n'est pas un dossier.
2026-02-26 16:12:43.542210 - Le dossier .pytest_cache n'existe pas ou n'est pas un dossier.
2026-02-26 16:16:06.366844 - Le dossier .pytest_cache n'existe pas ou n'est pas un dossier.
2026-02-26 21:34:20.042090 - Le dossier .pytest_cache n'existe pas ou n'est pas un dossier.
2026-02-26 21:42:26.247524 - Le dossier .pytest_cache n'existe pas ou n'est pas un dossier.
2026-02-26 21:43:11.904754 - Le dossier .pytest_cache n'existe pas ou n'est pas un dossier.
2026-02-26 21:44:10.029476 - Le dossier .pytest_cache n'existe pas ou n'est pas un dossier.
2026-02-26 21:44:48.963265 - Le dossier .pytest_cache n'existe pas ou n'est pas un dossier.
2026-02-26 21:45:10.384401 - Le dossier .pytest_cache n'existe pas ou n'est pas un dossier.
2026-02-26 21:46:22.882642 - Le dossier .pytest_cache n'existe pas ou n'est pas un dossier.
2026-02-26 21:48:26.476039 - Le dossier .pytest_cache n'existe pas ou n'est pas un dossier.
2026-02-26 21:48:46.800670 - Le dossier .pytest_cache n'existe pas ou n'est pas un dossier.
2026-02-27 18:00:40.438618 - Le dossier .pytest_cache n'existe pas ou n'est pas un dossier.
2026-02-27 18:04:50.305602 - Le dossier .pytest_cache n'existe pas ou n'est pas un dossier.
2026-02-27 18:10:15.259488 - Le dossier .pytest_cache n'existe pas ou n'est pas un dossier.
2026-02-27 18:18:39.681873 - Le dossier .pytest_cache n'existe pas ou n'est pas un dossier.
2026-02-27 18:25:13.734504 - Le dossier .pytest_cache n'existe pas ou n'est pas un dossier.
2026-02-27 18:45:14.539566 - Le dossier .pytest_cache n'existe pas ou n'est pas un dossier.
2026-02-27 18:57:35.304369 - Le dossier .pytest_cache n'existe pas ou n'est pas un dossier.
2026-02-27 19:02:14.373483 - Le dossier .pytest_cache n'existe pas ou n'est pas un dossier.
2026-02-27 19:04:01.684715 - Le dossier .pytest_cache n'existe pas ou n'est pas un dossier.
2026-02-27 19:11:18.599738 - Le dossier .pytest_cache n'existe pas ou n'est pas un dossier.
2026-02-27 19:12:07.093189 - Le dossier .pytest_cache n'existe pas ou n'est pas un dossier.
2026-02-27 19:17:15.102205 - Le dossier .pytest_cache n'existe pas ou n'est pas un dossier.
2026-02-27 19:19:52.304883 - Le dossier .pytest_cache n'existe pas ou n'est pas un dossier.
2026-02-27 19:23:34.970720 - Le dossier .pytest_cache n'existe pas ou n'est pas un dossier.
2026-02-27 19:25:26.033531 - Le dossier .pytest_cache n'existe pas ou n'est pas un dossier.
2026-02-27 19:28:05.356241 - Le dossier .pytest_cache n'existe pas ou n'est pas un dossier.
2026-02-27 19:29:54.818629 - Le dossier .pytest_cache n'existe pas ou n'est pas un dossier.
2026-02-27 19:32:32.369834 - Le dossier .pytest_cache n'existe pas ou n'est pas un dossier.
2026-02-27 19:33:26.196108 - Le dossier .pytest_cache n'existe pas ou n'est pas un dossier.
2026-02-27 19:34:35.187746 - Le dossier .pytest_cache n'existe pas ou n'est pas un dossier.
2026-02-27 19:35:22.542247 - Le dossier .pytest_cache n'existe pas ou n'est pas un dossier.
2026-02-27 19:36:40.594975 - Le dossier .pytest_cache n'existe pas ou n'est pas un dossier.
2026-02-27 19:38:01.841973 - Le dossier .pytest_cache n'existe pas ou n'est pas un dossier.
2026-02-27 19:38:42.664976 - Le dossier .pytest_cache n'existe pas ou n'est pas un dossier.
2026-02-27 19:39:35.314058 - Le dossier .pytest_cache n'existe pas ou n'est pas un dossier.
2026-02-27 19:40:02.567887 - Le dossier .pytest_cache n'existe pas ou n'est pas un dossier.
2026-02-27 19:41:48.357599 - Le dossier .pytest_cache n'existe pas ou n'est pas un dossier.
2026-02-27 19:42:26.835792 - Le dossier .pytest_cache n'existe pas ou n'est pas un dossier.
2026-02-27 19:45:25.753630 - Le dossier .pytest_cache n'existe pas ou n'est pas un dossier.
2026-02-27 19:46:23.034206 - Le dossier .pytest_cache n'existe pas ou n'est pas un dossier.
2026-02-27 19:48:20.310790 - Le dossier .pytest_cache n'existe pas ou n'est pas un dossier.
2026-02-27 19:49:07.174305 - Le dossier .pytest_cache n'existe pas ou n'est pas un dossier.
2026-02-27 19:50:17.982577 - Le dossier .pytest_cache n'existe pas ou n'est pas un dossier.
2026-02-27 19:51:21.649631 - Le dossier .pytest_cache n'existe pas ou n'est pas un dossier.
2026-02-27 19:52:12.639644 - Le dossier .pytest_cache n'existe pas ou n'est pas un dossier.
2026-02-27 19:53:07.059127 - Le dossier .pytest_cache n'existe pas ou n'est pas un dossier.
2026-02-27 19:53:47.600759 - Le dossier .pytest_cache n'existe pas ou n'est pas un dossier.
2026-02-27 19:55:19.363214 - Le dossier .pytest_cache n'existe pas ou n'est pas un dossier.
2026-02-27 20:00:49.711134 - Le dossier .pytest_cache n'existe pas ou n'est pas un dossier.
2026-02-27 20:02:54.600912 - Le dossier .pytest_cache n'existe pas ou n'est pas un dossier.
2026-02-27 20:04:28.364055 - Le dossier .pytest_cache n'existe pas ou n'est pas un dossier.
2026-02-27 20:07:03.705153 - Le dossier .pytest_cache n'existe pas ou n'est pas un dossier.
2026-02-27 20:07:54.511948 - Le dossier .pytest_cache n'existe pas ou n'est pas un dossier.
2026-02-27 20:08:16.184882 - Le dossier .pytest_cache n'existe pas ou n'est pas un dossier.
2026-02-27 20:29:12.476037 - Le dossier .pytest_cache n'existe pas ou n'est pas un dossier.
2026-02-27 20:32:08.169162 - Le dossier .pytest_cache n'existe pas ou n'est pas un dossier.
2026-02-27 20:35:18.861486 - Le dossier .pytest_cache n'existe pas ou n'est pas un dossier.
2026-02-27 20:36:58.258274 - Le dossier .pytest_cache n'existe pas ou n'est pas un dossier.
2026-02-27 20:45:59.459557 - Le dossier .pytest_cache n'existe pas ou n'est pas un dossier.
2026-02-27 22:00:21.215287 - Le dossier .pytest_cache n'existe pas ou n'est pas un dossier.
2026-02-27 22:03:58.113795 - Le dossier .pytest_cache n'existe pas ou n'est pas un dossier.
