[2026-07-23 04:29:49] INFO     | TheLastSignal | Connexion au serveur 127.0.0.1:5000
[2026-07-23 04:29:50] ERROR    | TheLastSignal | Erreur d'envoi : Traceback (most recent call last):
  File "/home/runner/work/The-last-signal-/The-last-signal-/client_python/client.py", line 69, in send_packet
    Packet.encode()
    ~~~~~~~~~~~~~^^
  File "/home/runner/work/The-last-signal-/The-last-signal-/client_python/packet.py", line 33, in encode
    struct.pack("!H", self.packet_type)
                      ^^^^^^^^^^^^^^^^
AttributeError: type object 'Packet' has no attribute 'packet_type'

[2026-07-23 04:29:50] INFO     | TheLastSignal | Déconnecté.
[2026-07-23 04:36:52] INFO     | TheLastSignal | Connexion au serveur 127.0.0.1:5000
[2026-07-23 04:36:53] ERROR    | TheLastSignal | Erreur d'envoi : Traceback (most recent call last):
  File "/home/runner/work/The-last-signal-/The-last-signal-/client_python/client.py", line 69, in send_packet
    Packet.encode()
    ~~~~~~~~~~~~~^^
  File "/home/runner/work/The-last-signal-/The-last-signal-/client_python/packet.py", line 33, in encode
    struct.pack("!H", self.packet_type)
                      ^^^^^^^^^^^^^^^^
AttributeError: type object 'Packet' has no attribute 'packet_type'

[2026-07-23 04:36:53] INFO     | TheLastSignal | Déconnecté.
